CRITICAL - 2024-10-15 09:16:50 --> Laminas\Db\Adapter\Exception\InvalidQueryException: Statement could not be executed (42S02 - 1146 - Table 'dbgxzcznebwvay.pedidos_proveedor' doesn't exist)
[Method: GET, Route: pedidos_proveedor]
in FCPATH/vendor/laminas/laminas-db/src/Adapter/Driver/Pdo/Statement.php on line 223.
 1 FCPATH/vendor/grocery-crud/enterprise/src/GroceryCrud/Core/Model.php(770): Laminas\Db\Adapter\Driver\Pdo\Statement->execute()
 2 FCPATH/vendor/grocery-crud/enterprise/src/GroceryCrud/Core/Model.php(205): GroceryCrud\Core\Model->getFieldTypes('pedidos_proveedor')
 3 FCPATH/vendor/grocery-crud/enterprise/src/GroceryCrud/Core/State/StateAbstract.php(1175): GroceryCrud\Core\Model->getColumnNames()
 4 FCPATH/vendor/grocery-crud/enterprise/src/GroceryCrud/Core/State/StateAbstract.php(1814): GroceryCrud\Core\State\StateAbstract->getColumnNames()
 5 FCPATH/vendor/grocery-crud/enterprise/src/GroceryCrud/Core/State/StateAbstract.php(1492): GroceryCrud\Core\State\StateAbstract->transformFieldsList([], [])
 6 FCPATH/vendor/grocery-crud/enterprise/src/GroceryCrud/Core/State/InitialState.php(63): GroceryCrud\Core\State\StateAbstract->getCloneFields()
 7 FCPATH/vendor/grocery-crud/enterprise/src/GroceryCrud/Core/State/InitialState.php(13): GroceryCrud\Core\State\InitialState->showInitData()
 8 FCPATH/vendor/grocery-crud/enterprise/src/GroceryCrud/Core/GroceryCrud.php(2940): GroceryCrud\Core\State\InitialState->render()
 9 APPPATH/Controllers/Pedidos_proveedor.php(153): GroceryCrud\Core\GroceryCrud->render()
10 APPPATH/Controllers/Pedidos_proveedor.php(20): App\Controllers\Pedidos_proveedor->todos('estado!=', '6')
11 SYSTEMPATH/CodeIgniter.php(933): App\Controllers\Pedidos_proveedor->index()
12 SYSTEMPATH/CodeIgniter.php(509): CodeIgniter\CodeIgniter->runController(Object(App\Controllers\Pedidos_proveedor))
13 SYSTEMPATH/CodeIgniter.php(355): CodeIgniter\CodeIgniter->handleRequest(null, Object(Config\Cache), false)
14 SYSTEMPATH/Boot.php(325): CodeIgniter\CodeIgniter->run()
15 SYSTEMPATH/Boot.php(67): CodeIgniter\Boot::runCodeIgniter(Object(CodeIgniter\CodeIgniter))
16 FCPATH/index.php(29): CodeIgniter\Boot::bootWeb(Object(Config\Paths))
CRITICAL - 2024-10-15 09:16:50 --> [Caused by] PDOException: SQLSTATE[42S02]: Base table or view not found: 1146 Table 'dbgxzcznebwvay.pedidos_proveedor' doesn't exist
in FCPATH/vendor/laminas/laminas-db/src/Adapter/Driver/Pdo/Statement.php on line 212.
 1 FCPATH/vendor/laminas/laminas-db/src/Adapter/Driver/Pdo/Statement.php(212): PDOStatement->execute()
 2 FCPATH/vendor/grocery-crud/enterprise/src/GroceryCrud/Core/Model.php(770): Laminas\Db\Adapter\Driver\Pdo\Statement->execute()
 3 FCPATH/vendor/grocery-crud/enterprise/src/GroceryCrud/Core/Model.php(205): GroceryCrud\Core\Model->getFieldTypes('pedidos_proveedor')
 4 FCPATH/vendor/grocery-crud/enterprise/src/GroceryCrud/Core/State/StateAbstract.php(1175): GroceryCrud\Core\Model->getColumnNames()
 5 FCPATH/vendor/grocery-crud/enterprise/src/GroceryCrud/Core/State/StateAbstract.php(1814): GroceryCrud\Core\State\StateAbstract->getColumnNames()
 6 FCPATH/vendor/grocery-crud/enterprise/src/GroceryCrud/Core/State/StateAbstract.php(1492): GroceryCrud\Core\State\StateAbstract->transformFieldsList([], [])
 7 FCPATH/vendor/grocery-crud/enterprise/src/GroceryCrud/Core/State/InitialState.php(63): GroceryCrud\Core\State\StateAbstract->getCloneFields()
 8 FCPATH/vendor/grocery-crud/enterprise/src/GroceryCrud/Core/State/InitialState.php(13): GroceryCrud\Core\State\InitialState->showInitData()
 9 FCPATH/vendor/grocery-crud/enterprise/src/GroceryCrud/Core/GroceryCrud.php(2940): GroceryCrud\Core\State\InitialState->render()
10 APPPATH/Controllers/Pedidos_proveedor.php(153): GroceryCrud\Core\GroceryCrud->render()
11 APPPATH/Controllers/Pedidos_proveedor.php(20): App\Controllers\Pedidos_proveedor->todos('estado!=', '6')
12 SYSTEMPATH/CodeIgniter.php(933): App\Controllers\Pedidos_proveedor->index()
13 SYSTEMPATH/CodeIgniter.php(509): CodeIgniter\CodeIgniter->runController(Object(App\Controllers\Pedidos_proveedor))
14 SYSTEMPATH/CodeIgniter.php(355): CodeIgniter\CodeIgniter->handleRequest(null, Object(Config\Cache), false)
15 SYSTEMPATH/Boot.php(325): CodeIgniter\CodeIgniter->run()
16 SYSTEMPATH/Boot.php(67): CodeIgniter\Boot::runCodeIgniter(Object(CodeIgniter\CodeIgniter))
17 FCPATH/index.php(29): CodeIgniter\Boot::bootWeb(Object(Config\Paths))
