CRITICAL - 2024-10-10 11:45:45 --> Laminas\Db\Adapter\Exception\InvalidQueryException: Statement could not be executed (42S02 - 1146 - Table 'dbgxzcznebwvay.pedidos_proveedor' doesn't exist)
[Method: GET, Route: pedidos_proveedor]
in FCPATH/vendor/laminas/laminas-db/src/Adapter/Driver/Pdo/Statement.php on line 223.
 1 FCPATH/vendor/grocery-crud/enterprise/src/GroceryCrud/Core/Model.php(770): Laminas\Db\Adapter\Driver\Pdo\Statement->execute()
 2 FCPATH/vendor/grocery-crud/enterprise/src/GroceryCrud/Core/Model.php(205): GroceryCrud\Core\Model->getFieldTypes('pedidos_proveedor')
 3 FCPATH/vendor/grocery-crud/enterprise/src/GroceryCrud/Core/State/StateAbstract.php(1175): GroceryCrud\Core\Model->getColumnNames()
 4 FCPATH/vendor/grocery-crud/enterprise/src/GroceryCrud/Core/State/StateAbstract.php(1814): GroceryCrud\Core\State\StateAbstract->getColumnNames()
 5 FCPATH/vendor/grocery-crud/enterprise/src/GroceryCrud/Core/State/StateAbstract.php(1492): GroceryCrud\Core\State\StateAbstract->transformFieldsList([], [])
 6 FCPATH/vendor/grocery-crud/enterprise/src/GroceryCrud/Core/State/InitialState.php(63): GroceryCrud\Core\State\StateAbstract->getCloneFields()
 7 FCPATH/vendor/grocery-crud/enterprise/src/GroceryCrud/Core/State/InitialState.php(13): GroceryCrud\Core\State\InitialState->showInitData()
 8 FCPATH/vendor/grocery-crud/enterprise/src/GroceryCrud/Core/GroceryCrud.php(2940): GroceryCrud\Core\State\InitialState->render()
 9 APPPATH/Controllers/Pedidos_proveedor.php(153): GroceryCrud\Core\GroceryCrud->render()
10 APPPATH/Controllers/Pedidos_proveedor.php(20): App\Controllers\Pedidos_proveedor->todos('estado!=', '6')
11 SYSTEMPATH/CodeIgniter.php(933): App\Controllers\Pedidos_proveedor->index()
12 SYSTEMPATH/CodeIgniter.php(509): CodeIgniter\CodeIgniter->runController(Object(App\Controllers\Pedidos_proveedor))
13 SYSTEMPATH/CodeIgniter.php(355): CodeIgniter\CodeIgniter->handleRequest(null, Object(Config\Cache), false)
14 SYSTEMPATH/Boot.php(325): CodeIgniter\CodeIgniter->run()
15 SYSTEMPATH/Boot.php(67): CodeIgniter\Boot::runCodeIgniter(Object(CodeIgniter\CodeIgniter))
16 FCPATH/index.php(29): CodeIgniter\Boot::bootWeb(Object(Config\Paths))
CRITICAL - 2024-10-10 11:45:45 --> [Caused by] PDOException: SQLSTATE[42S02]: Base table or view not found: 1146 Table 'dbgxzcznebwvay.pedidos_proveedor' doesn't exist
in FCPATH/vendor/laminas/laminas-db/src/Adapter/Driver/Pdo/Statement.php on line 212.
 1 FCPATH/vendor/laminas/laminas-db/src/Adapter/Driver/Pdo/Statement.php(212): PDOStatement->execute()
 2 FCPATH/vendor/grocery-crud/enterprise/src/GroceryCrud/Core/Model.php(770): Laminas\Db\Adapter\Driver\Pdo\Statement->execute()
 3 FCPATH/vendor/grocery-crud/enterprise/src/GroceryCrud/Core/Model.php(205): GroceryCrud\Core\Model->getFieldTypes('pedidos_proveedor')
 4 FCPATH/vendor/grocery-crud/enterprise/src/GroceryCrud/Core/State/StateAbstract.php(1175): GroceryCrud\Core\Model->getColumnNames()
 5 FCPATH/vendor/grocery-crud/enterprise/src/GroceryCrud/Core/State/StateAbstract.php(1814): GroceryCrud\Core\State\StateAbstract->getColumnNames()
 6 FCPATH/vendor/grocery-crud/enterprise/src/GroceryCrud/Core/State/StateAbstract.php(1492): GroceryCrud\Core\State\StateAbstract->transformFieldsList([], [])
 7 FCPATH/vendor/grocery-crud/enterprise/src/GroceryCrud/Core/State/InitialState.php(63): GroceryCrud\Core\State\StateAbstract->getCloneFields()
 8 FCPATH/vendor/grocery-crud/enterprise/src/GroceryCrud/Core/State/InitialState.php(13): GroceryCrud\Core\State\InitialState->showInitData()
 9 FCPATH/vendor/grocery-crud/enterprise/src/GroceryCrud/Core/GroceryCrud.php(2940): GroceryCrud\Core\State\InitialState->render()
10 APPPATH/Controllers/Pedidos_proveedor.php(153): GroceryCrud\Core\GroceryCrud->render()
11 APPPATH/Controllers/Pedidos_proveedor.php(20): App\Controllers\Pedidos_proveedor->todos('estado!=', '6')
12 SYSTEMPATH/CodeIgniter.php(933): App\Controllers\Pedidos_proveedor->index()
13 SYSTEMPATH/CodeIgniter.php(509): CodeIgniter\CodeIgniter->runController(Object(App\Controllers\Pedidos_proveedor))
14 SYSTEMPATH/CodeIgniter.php(355): CodeIgniter\CodeIgniter->handleRequest(null, Object(Config\Cache), false)
15 SYSTEMPATH/Boot.php(325): CodeIgniter\CodeIgniter->run()
16 SYSTEMPATH/Boot.php(67): CodeIgniter\Boot::runCodeIgniter(Object(CodeIgniter\CodeIgniter))
17 FCPATH/index.php(29): CodeIgniter\Boot::bootWeb(Object(Config\Paths))
CRITICAL - 2024-10-10 11:50:23 --> Laminas\Db\Adapter\Exception\InvalidQueryException: Statement could not be executed (23000 - 1452 - Cannot add or update a child row: a foreign key constraint fails (`dbobz0nalbzz8f`.`productos_necesidad`, CONSTRAINT `fk_familia` FOREIGN KEY (`id_familia`) REFERENCES `familia_proveedor` (`id_familia`) ON DELETE CASCADE ON UPDATE CASCADE))
[Method: POST, Route: productos_necesidad]
in FCPATH/vendor/laminas/laminas-db/src/Adapter/Driver/Pdo/Statement.php on line 223.
 1 FCPATH/vendor/grocery-crud/enterprise/src/GroceryCrud/Core/Model.php(515): Laminas\Db\Adapter\Driver\Pdo\Statement->execute()
 2 FCPATH/vendor/grocery-crud/enterprise/src/GroceryCrud/Core/State/InsertState.php(94): GroceryCrud\Core\Model->insert([...])
 3 FCPATH/vendor/grocery-crud/enterprise/src/GroceryCrud/Core/State/StateAbstract.php(1159): GroceryCrud\Core\State\InsertState->GroceryCrud\Core\State\{closure}(Object(stdClass))
 4 FCPATH/vendor/grocery-crud/enterprise/src/GroceryCrud/Core/State/StateAbstract.php(328): GroceryCrud\Core\State\StateAbstract->stateOperation(null, Object(stdClass), Object(Closure))
 5 FCPATH/vendor/grocery-crud/enterprise/src/GroceryCrud/Core/State/InsertState.php(92): GroceryCrud\Core\State\StateAbstract->stateOperationWithCallbacks(Object(stdClass), 'Insert', Object(Closure))
 6 FCPATH/vendor/grocery-crud/enterprise/src/GroceryCrud/Core/GroceryCrud.php(2940): GroceryCrud\Core\State\InsertState->render()
 7 APPPATH/Controllers/Productos_necesidad.php(117): GroceryCrud\Core\GroceryCrud->render()
 8 SYSTEMPATH/CodeIgniter.php(933): App\Controllers\Productos_necesidad->index()
 9 SYSTEMPATH/CodeIgniter.php(509): CodeIgniter\CodeIgniter->runController(Object(App\Controllers\Productos_necesidad))
10 SYSTEMPATH/CodeIgniter.php(355): CodeIgniter\CodeIgniter->handleRequest(null, Object(Config\Cache), false)
11 SYSTEMPATH/Boot.php(325): CodeIgniter\CodeIgniter->run()
12 SYSTEMPATH/Boot.php(67): CodeIgniter\Boot::runCodeIgniter(Object(CodeIgniter\CodeIgniter))
13 FCPATH/index.php(29): CodeIgniter\Boot::bootWeb(Object(Config\Paths))
CRITICAL - 2024-10-10 11:50:23 --> [Caused by] PDOException: SQLSTATE[23000]: Integrity constraint violation: 1452 Cannot add or update a child row: a foreign key constraint fails (`dbobz0nalbzz8f`.`productos_necesidad`, CONSTRAINT `fk_familia` FOREIGN KEY (`id_familia`) REFERENCES `familia_proveedor` (`id_familia`) ON DELETE CASCADE ON UPDATE CASCADE)
in FCPATH/vendor/laminas/laminas-db/src/Adapter/Driver/Pdo/Statement.php on line 212.
 1 FCPATH/vendor/laminas/laminas-db/src/Adapter/Driver/Pdo/Statement.php(212): PDOStatement->execute()
 2 FCPATH/vendor/grocery-crud/enterprise/src/GroceryCrud/Core/Model.php(515): Laminas\Db\Adapter\Driver\Pdo\Statement->execute()
 3 FCPATH/vendor/grocery-crud/enterprise/src/GroceryCrud/Core/State/InsertState.php(94): GroceryCrud\Core\Model->insert([...])
 4 FCPATH/vendor/grocery-crud/enterprise/src/GroceryCrud/Core/State/StateAbstract.php(1159): GroceryCrud\Core\State\InsertState->GroceryCrud\Core\State\{closure}(Object(stdClass))
 5 FCPATH/vendor/grocery-crud/enterprise/src/GroceryCrud/Core/State/StateAbstract.php(328): GroceryCrud\Core\State\StateAbstract->stateOperation(null, Object(stdClass), Object(Closure))
 6 FCPATH/vendor/grocery-crud/enterprise/src/GroceryCrud/Core/State/InsertState.php(92): GroceryCrud\Core\State\StateAbstract->stateOperationWithCallbacks(Object(stdClass), 'Insert', Object(Closure))
 7 FCPATH/vendor/grocery-crud/enterprise/src/GroceryCrud/Core/GroceryCrud.php(2940): GroceryCrud\Core\State\InsertState->render()
 8 APPPATH/Controllers/Productos_necesidad.php(117): GroceryCrud\Core\GroceryCrud->render()
 9 SYSTEMPATH/CodeIgniter.php(933): App\Controllers\Productos_necesidad->index()
10 SYSTEMPATH/CodeIgniter.php(509): CodeIgniter\CodeIgniter->runController(Object(App\Controllers\Productos_necesidad))
11 SYSTEMPATH/CodeIgniter.php(355): CodeIgniter\CodeIgniter->handleRequest(null, Object(Config\Cache), false)
12 SYSTEMPATH/Boot.php(325): CodeIgniter\CodeIgniter->run()
13 SYSTEMPATH/Boot.php(67): CodeIgniter\Boot::runCodeIgniter(Object(CodeIgniter\CodeIgniter))
14 FCPATH/index.php(29): CodeIgniter\Boot::bootWeb(Object(Config\Paths))
