ERROR - 2025-03-03 07:04:18 --> mysqli_sql_exception: Unknown column 'user_ficha' in 'where clause' in /home/customer/www/showscreen.app/public_html/vendor/codeigniter4/codeigniter4/system/Database/MySQLi/Connection.php:312
Stack trace:
#0 /home/customer/www/showscreen.app/public_html/vendor/codeigniter4/codeigniter4/system/Database/MySQLi/Connection.php(312): mysqli->query('SELECT *\nFROM `...', 0)
#1 /home/customer/www/showscreen.app/public_html/vendor/codeigniter4/codeigniter4/system/Database/BaseConnection.php(734): CodeIgniter\Database\MySQLi\Connection->execute('SELECT *\nFROM `...')
#2 /home/customer/www/showscreen.app/public_html/vendor/codeigniter4/codeigniter4/system/Database/BaseConnection.php(648): CodeIgniter\Database\BaseConnection->simpleQuery('SELECT *\nFROM `...')
#3 /home/customer/www/showscreen.app/public_html/vendor/codeigniter4/codeigniter4/system/Database/BaseBuilder.php(1636): CodeIgniter\Database\BaseConnection->query('SELECT *\nFROM `...', Array, false)
#4 /home/customer/www/showscreen.app/public_html/vendor/codeigniter4/codeigniter4/system/Model.php(286): CodeIgniter\Database\BaseBuilder->get()
#5 /home/customer/www/showscreen.app/public_html/vendor/codeigniter4/codeigniter4/system/BaseModel.php(676): CodeIgniter\Model->doFindAll(0, 0)
#6 /home/customer/www/showscreen.app/public_html/app/Controllers/Fichar.php(327): CodeIgniter\BaseModel->findAll()
#7 /home/customer/www/showscreen.app/public_html/vendor/codeigniter4/codeigniter4/system/CodeIgniter.php(933): App\Controllers\Fichar->Ausentes()
#8 /home/customer/www/showscreen.app/public_html/vendor/codeigniter4/codeigniter4/system/CodeIgniter.php(509): CodeIgniter\CodeIgniter->runController(Object(App\Controllers\Fichar))
#9 /home/customer/www/showscreen.app/public_html/vendor/codeigniter4/codeigniter4/system/CodeIgniter.php(355): CodeIgniter\CodeIgniter->handleRequest(NULL, Object(Config\Cache), false)
#10 /home/customer/www/showscreen.app/public_html/vendor/codeigniter4/codeigniter4/system/Boot.php(325): CodeIgniter\CodeIgniter->run()
#11 /home/customer/www/showscreen.app/public_html/vendor/codeigniter4/codeigniter4/system/Boot.php(67): CodeIgniter\Boot::runCodeIgniter(Object(CodeIgniter\CodeIgniter))
#12 /home/customer/www/showscreen.app/public_html/index.php(29): CodeIgniter\Boot::bootWeb(Object(Config\Paths))
#13 {main}
CRITICAL - 2025-03-03 07:04:18 --> CodeIgniter\Database\Exceptions\DatabaseException: Unknown column 'user_ficha' in 'where clause'
[Method: GET, Route: ausentes]
in SYSTEMPATH/Database/BaseConnection.php on line 688.
 1 SYSTEMPATH/Database/BaseBuilder.php(1636): CodeIgniter\Database\BaseConnection->query('SELECT *
FROM `users`
WHERE `user_ficha` = :user_ficha:
AND `user_activo` = :user_activo:
ORDER BY `nombre_usuario` ASC', [...], false)
 2 SYSTEMPATH/Model.php(286): CodeIgniter\Database\BaseBuilder->get()
 3 SYSTEMPATH/BaseModel.php(676): CodeIgniter\Model->doFindAll(0, 0)
 4 APPPATH/Controllers/Fichar.php(327): CodeIgniter\BaseModel->findAll()
 5 SYSTEMPATH/CodeIgniter.php(933): App\Controllers\Fichar->Ausentes()
 6 SYSTEMPATH/CodeIgniter.php(509): CodeIgniter\CodeIgniter->runController(Object(App\Controllers\Fichar))
 7 SYSTEMPATH/CodeIgniter.php(355): CodeIgniter\CodeIgniter->handleRequest(null, Object(Config\Cache), false)
 8 SYSTEMPATH/Boot.php(325): CodeIgniter\CodeIgniter->run()
 9 SYSTEMPATH/Boot.php(67): CodeIgniter\Boot::runCodeIgniter(Object(CodeIgniter\CodeIgniter))
10 FCPATH/index.php(29): CodeIgniter\Boot::bootWeb(Object(Config\Paths))
CRITICAL - 2025-03-03 07:04:18 --> [Caused by] CodeIgniter\Database\Exceptions\DatabaseException: Unknown column 'user_ficha' in 'where clause'
in SYSTEMPATH/Database/MySQLi/Connection.php on line 317.
 1 SYSTEMPATH/Database/BaseConnection.php(734): CodeIgniter\Database\MySQLi\Connection->execute('SELECT *
FROM `users`
WHERE `user_ficha` = \'1\'
AND `user_activo` = \'1\'
ORDER BY `nombre_usuario` ASC')
 2 SYSTEMPATH/Database/BaseConnection.php(648): CodeIgniter\Database\BaseConnection->simpleQuery('SELECT *
FROM `users`
WHERE `user_ficha` = \'1\'
AND `user_activo` = \'1\'
ORDER BY `nombre_usuario` ASC')
 3 SYSTEMPATH/Database/BaseBuilder.php(1636): CodeIgniter\Database\BaseConnection->query('SELECT *
FROM `users`
WHERE `user_ficha` = :user_ficha:
AND `user_activo` = :user_activo:
ORDER BY `nombre_usuario` ASC', [...], false)
 4 SYSTEMPATH/Model.php(286): CodeIgniter\Database\BaseBuilder->get()
 5 SYSTEMPATH/BaseModel.php(676): CodeIgniter\Model->doFindAll(0, 0)
 6 APPPATH/Controllers/Fichar.php(327): CodeIgniter\BaseModel->findAll()
 7 SYSTEMPATH/CodeIgniter.php(933): App\Controllers\Fichar->Ausentes()
 8 SYSTEMPATH/CodeIgniter.php(509): CodeIgniter\CodeIgniter->runController(Object(App\Controllers\Fichar))
 9 SYSTEMPATH/CodeIgniter.php(355): CodeIgniter\CodeIgniter->handleRequest(null, Object(Config\Cache), false)
10 SYSTEMPATH/Boot.php(325): CodeIgniter\CodeIgniter->run()
11 SYSTEMPATH/Boot.php(67): CodeIgniter\Boot::runCodeIgniter(Object(CodeIgniter\CodeIgniter))
12 FCPATH/index.php(29): CodeIgniter\Boot::bootWeb(Object(Config\Paths))
CRITICAL - 2025-03-03 07:04:18 --> [Caused by] mysqli_sql_exception: Unknown column 'user_ficha' in 'where clause'
in SYSTEMPATH/Database/MySQLi/Connection.php on line 312.
 1 SYSTEMPATH/Database/MySQLi/Connection.php(312): mysqli->query('SELECT *
FROM `users`
WHERE `user_ficha` = \'1\'
AND `user_activo` = \'1\'
ORDER BY `nombre_usuario` ASC', 0)
 2 SYSTEMPATH/Database/BaseConnection.php(734): CodeIgniter\Database\MySQLi\Connection->execute('SELECT *
FROM `users`
WHERE `user_ficha` = \'1\'
AND `user_activo` = \'1\'
ORDER BY `nombre_usuario` ASC')
 3 SYSTEMPATH/Database/BaseConnection.php(648): CodeIgniter\Database\BaseConnection->simpleQuery('SELECT *
FROM `users`
WHERE `user_ficha` = \'1\'
AND `user_activo` = \'1\'
ORDER BY `nombre_usuario` ASC')
 4 SYSTEMPATH/Database/BaseBuilder.php(1636): CodeIgniter\Database\BaseConnection->query('SELECT *
FROM `users`
WHERE `user_ficha` = :user_ficha:
AND `user_activo` = :user_activo:
ORDER BY `nombre_usuario` ASC', [...], false)
 5 SYSTEMPATH/Model.php(286): CodeIgniter\Database\BaseBuilder->get()
 6 SYSTEMPATH/BaseModel.php(676): CodeIgniter\Model->doFindAll(0, 0)
 7 APPPATH/Controllers/Fichar.php(327): CodeIgniter\BaseModel->findAll()
 8 SYSTEMPATH/CodeIgniter.php(933): App\Controllers\Fichar->Ausentes()
 9 SYSTEMPATH/CodeIgniter.php(509): CodeIgniter\CodeIgniter->runController(Object(App\Controllers\Fichar))
10 SYSTEMPATH/CodeIgniter.php(355): CodeIgniter\CodeIgniter->handleRequest(null, Object(Config\Cache), false)
11 SYSTEMPATH/Boot.php(325): CodeIgniter\CodeIgniter->run()
12 SYSTEMPATH/Boot.php(67): CodeIgniter\Boot::runCodeIgniter(Object(CodeIgniter\CodeIgniter))
13 FCPATH/index.php(29): CodeIgniter\Boot::bootWeb(Object(Config\Paths))
CRITICAL - 2025-03-03 12:10:11 --> GuzzleHttp\Exception\ClientException: Client error: `POST https://oauth2.googleapis.com/token` resulted in a `400 Bad Request` response:
{
  "error": "invalid_grant",
  "error_description": "Bad Request"
}

[Method: GET, Route: google_login]
in FCPATH/vendor/guzzlehttp/guzzle/src/Exception/RequestException.php on line 113.
 1 FCPATH/vendor/guzzlehttp/guzzle/src/Middleware.php(72): GuzzleHttp\Exception\RequestException::create(Object(GuzzleHttp\Psr7\Request), Object(GuzzleHttp\Psr7\Response), null, [], null)
 2 FCPATH/vendor/guzzlehttp/promises/src/Promise.php(209): GuzzleHttp\Middleware::GuzzleHttp\{closure}(Object(GuzzleHttp\Psr7\Response))
 3 FCPATH/vendor/guzzlehttp/promises/src/Promise.php(158): GuzzleHttp\Promise\Promise::callHandler(1, Object(GuzzleHttp\Psr7\Response), null)
 4 FCPATH/vendor/guzzlehttp/promises/src/TaskQueue.php(52): GuzzleHttp\Promise\Promise::GuzzleHttp\Promise\{closure}()
 5 FCPATH/vendor/guzzlehttp/promises/src/Promise.php(251): GuzzleHttp\Promise\TaskQueue->run(true)
 6 FCPATH/vendor/guzzlehttp/promises/src/Promise.php(227): GuzzleHttp\Promise\Promise->invokeWaitFn()
 7 FCPATH/vendor/guzzlehttp/promises/src/Promise.php(272): GuzzleHttp\Promise\Promise->waitIfPending()
 8 FCPATH/vendor/guzzlehttp/promises/src/Promise.php(229): GuzzleHttp\Promise\Promise->invokeWaitList()
 9 FCPATH/vendor/guzzlehttp/promises/src/Promise.php(69): GuzzleHttp\Promise\Promise->waitIfPending()
10 FCPATH/vendor/guzzlehttp/guzzle/src/Client.php(124): GuzzleHttp\Promise\Promise->wait()
11 FCPATH/vendor/google/auth/src/HttpHandler/Guzzle6HttpHandler.php(47): GuzzleHttp\Client->send(Object(GuzzleHttp\Psr7\Request), [...])
12 FCPATH/vendor/google/auth/src/OAuth2.php(675): Google\Auth\HttpHandler\Guzzle6HttpHandler->__invoke(Object(GuzzleHttp\Psr7\Request))
13 FCPATH/vendor/google/apiclient/src/Client.php(292): Google\Auth\OAuth2->fetchAuthToken(Object(Google\Auth\HttpHandler\Guzzle7HttpHandler))
14 APPPATH/Controllers/Login.php(30): Google\Client->fetchAccessTokenWithAuthCode('4/0AQSTgQHpN67ujHNe5MyU7f8NGVvv0tOz8ArOXejdggfwBIxH4tJMooIqjBdJaAosZ5qu_Q')
15 SYSTEMPATH/CodeIgniter.php(933): App\Controllers\Login->google_login()
16 SYSTEMPATH/CodeIgniter.php(509): CodeIgniter\CodeIgniter->runController(Object(App\Controllers\Login))
17 SYSTEMPATH/CodeIgniter.php(355): CodeIgniter\CodeIgniter->handleRequest(null, Object(Config\Cache), false)
18 SYSTEMPATH/Boot.php(325): CodeIgniter\CodeIgniter->run()
19 SYSTEMPATH/Boot.php(67): CodeIgniter\Boot::runCodeIgniter(Object(CodeIgniter\CodeIgniter))
20 FCPATH/index.php(29): CodeIgniter\Boot::bootWeb(Object(Config\Paths))
CRITICAL - 2025-03-03 12:14:42 --> ErrorException: Trying to access array offset on value of type null
[Method: POST, Route: Verifylogin]
in APPPATH/Controllers/Login.php on line 124.
 1 APPPATH/Controllers/Login.php(124): CodeIgniter\Debug\Exceptions->errorHandler(2, 'Trying to access array offset on value of type null', '/home/customer/www/showscreen.app/public_html/app/Controllers/Login.php', 124)
 2 APPPATH/Controllers/Verifylogin.php(26): App\Controllers\Login->crea_sesion(Object(stdClass))
 3 SYSTEMPATH/CodeIgniter.php(933): App\Controllers\Verifylogin->index()
 4 SYSTEMPATH/CodeIgniter.php(509): CodeIgniter\CodeIgniter->runController(Object(App\Controllers\Verifylogin))
 5 SYSTEMPATH/CodeIgniter.php(355): CodeIgniter\CodeIgniter->handleRequest(null, Object(Config\Cache), false)
 6 SYSTEMPATH/Boot.php(325): CodeIgniter\CodeIgniter->run()
 7 SYSTEMPATH/Boot.php(67): CodeIgniter\Boot::runCodeIgniter(Object(CodeIgniter\CodeIgniter))
 8 FCPATH/index.php(29): CodeIgniter\Boot::bootWeb(Object(Config\Paths))
CRITICAL - 2025-03-03 12:14:46 --> ErrorException: Trying to access array offset on value of type null
[Method: GET, Route: login/google_login]
in APPPATH/Controllers/Login.php on line 62.
 1 APPPATH/Controllers/Login.php(62): CodeIgniter\Debug\Exceptions->errorHandler(2, 'Trying to access array offset on value of type null', '/home/customer/www/showscreen.app/public_html/app/Controllers/Login.php', 62)
 2 SYSTEMPATH/CodeIgniter.php(933): App\Controllers\Login->google_login()
 3 SYSTEMPATH/CodeIgniter.php(509): CodeIgniter\CodeIgniter->runController(Object(App\Controllers\Login))
 4 SYSTEMPATH/CodeIgniter.php(355): CodeIgniter\CodeIgniter->handleRequest(null, Object(Config\Cache), false)
 5 SYSTEMPATH/Boot.php(325): CodeIgniter\CodeIgniter->run()
 6 SYSTEMPATH/Boot.php(67): CodeIgniter\Boot::runCodeIgniter(Object(CodeIgniter\CodeIgniter))
 7 FCPATH/index.php(29): CodeIgniter\Boot::bootWeb(Object(Config\Paths))
CRITICAL - 2025-03-03 12:14:47 --> ErrorException: Trying to access array offset on value of type null
[Method: POST, Route: Verifylogin]
in APPPATH/Controllers/Login.php on line 124.
 1 APPPATH/Controllers/Login.php(124): CodeIgniter\Debug\Exceptions->errorHandler(2, 'Trying to access array offset on value of type null', '/home/customer/www/showscreen.app/public_html/app/Controllers/Login.php', 124)
 2 APPPATH/Controllers/Verifylogin.php(26): App\Controllers\Login->crea_sesion(Object(stdClass))
 3 SYSTEMPATH/CodeIgniter.php(933): App\Controllers\Verifylogin->index()
 4 SYSTEMPATH/CodeIgniter.php(509): CodeIgniter\CodeIgniter->runController(Object(App\Controllers\Verifylogin))
 5 SYSTEMPATH/CodeIgniter.php(355): CodeIgniter\CodeIgniter->handleRequest(null, Object(Config\Cache), false)
 6 SYSTEMPATH/Boot.php(325): CodeIgniter\CodeIgniter->run()
 7 SYSTEMPATH/Boot.php(67): CodeIgniter\Boot::runCodeIgniter(Object(CodeIgniter\CodeIgniter))
 8 FCPATH/index.php(29): CodeIgniter\Boot::bootWeb(Object(Config\Paths))
CRITICAL - 2025-03-03 12:15:02 --> ErrorException: Trying to access array offset on value of type null
[Method: GET, Route: login/google_login]
in APPPATH/Controllers/Login.php on line 62.
 1 APPPATH/Controllers/Login.php(62): CodeIgniter\Debug\Exceptions->errorHandler(2, 'Trying to access array offset on value of type null', '/home/customer/www/showscreen.app/public_html/app/Controllers/Login.php', 62)
 2 SYSTEMPATH/CodeIgniter.php(933): App\Controllers\Login->google_login()
 3 SYSTEMPATH/CodeIgniter.php(509): CodeIgniter\CodeIgniter->runController(Object(App\Controllers\Login))
 4 SYSTEMPATH/CodeIgniter.php(355): CodeIgniter\CodeIgniter->handleRequest(null, Object(Config\Cache), false)
 5 SYSTEMPATH/Boot.php(325): CodeIgniter\CodeIgniter->run()
 6 SYSTEMPATH/Boot.php(67): CodeIgniter\Boot::runCodeIgniter(Object(CodeIgniter\CodeIgniter))
 7 FCPATH/index.php(29): CodeIgniter\Boot::bootWeb(Object(Config\Paths))
CRITICAL - 2025-03-03 12:15:53 --> ErrorException: Trying to access array offset on value of type null
[Method: GET, Route: google_login]
in APPPATH/Controllers/Login.php on line 62.
 1 APPPATH/Controllers/Login.php(62): CodeIgniter\Debug\Exceptions->errorHandler(2, 'Trying to access array offset on value of type null', '/home/customer/www/showscreen.app/public_html/app/Controllers/Login.php', 62)
 2 SYSTEMPATH/CodeIgniter.php(933): App\Controllers\Login->google_login()
 3 SYSTEMPATH/CodeIgniter.php(509): CodeIgniter\CodeIgniter->runController(Object(App\Controllers\Login))
 4 SYSTEMPATH/CodeIgniter.php(355): CodeIgniter\CodeIgniter->handleRequest(null, Object(Config\Cache), false)
 5 SYSTEMPATH/Boot.php(325): CodeIgniter\CodeIgniter->run()
 6 SYSTEMPATH/Boot.php(67): CodeIgniter\Boot::runCodeIgniter(Object(CodeIgniter\CodeIgniter))
 7 FCPATH/index.php(29): CodeIgniter\Boot::bootWeb(Object(Config\Paths))
CRITICAL - 2025-03-03 13:17:12 --> ErrorException: Trying to access array offset on value of type null
[Method: POST, Route: Verifylogin]
in APPPATH/Controllers/Login.php on line 124.
 1 APPPATH/Controllers/Login.php(124): CodeIgniter\Debug\Exceptions->errorHandler(2, 'Trying to access array offset on value of type null', '/home/customer/www/showscreen.app/public_html/app/Controllers/Login.php', 124)
 2 APPPATH/Controllers/Verifylogin.php(26): App\Controllers\Login->crea_sesion(Object(stdClass))
 3 SYSTEMPATH/CodeIgniter.php(933): App\Controllers\Verifylogin->index()
 4 SYSTEMPATH/CodeIgniter.php(509): CodeIgniter\CodeIgniter->runController(Object(App\Controllers\Verifylogin))
 5 SYSTEMPATH/CodeIgniter.php(355): CodeIgniter\CodeIgniter->handleRequest(null, Object(Config\Cache), false)
 6 SYSTEMPATH/Boot.php(325): CodeIgniter\CodeIgniter->run()
 7 SYSTEMPATH/Boot.php(67): CodeIgniter\Boot::runCodeIgniter(Object(CodeIgniter\CodeIgniter))
 8 FCPATH/index.php(29): CodeIgniter\Boot::bootWeb(Object(Config\Paths))
CRITICAL - 2025-03-03 13:29:12 --> ErrorException: Trying to access array offset on value of type null
[Method: GET, Route: salir/20]
in APPPATH/Views/salir.php on line 19.
 1 APPPATH/Views/salir.php(19): CodeIgniter\Debug\Exceptions->errorHandler(2, 'Trying to access array offset on value of type null', '/home/customer/www/showscreen.app/public_html/app/Views/salir.php', 19)
 2 SYSTEMPATH/View/View.php(234): include('/home/customer/www/showscreen.app/public_html/app/Views/salir.php')
 3 SYSTEMPATH/View/View.php(237): CodeIgniter\View\View->CodeIgniter\View\{closure}()
 4 SYSTEMPATH/Common.php(1171): CodeIgniter\View\View->render('salir', [], true)
 5 APPPATH/Controllers/Fichar.php(404): view('salir', [...])
 6 SYSTEMPATH/CodeIgniter.php(933): App\Controllers\Fichar->Salir('20')
 7 SYSTEMPATH/CodeIgniter.php(509): CodeIgniter\CodeIgniter->runController(Object(App\Controllers\Fichar))
 8 SYSTEMPATH/CodeIgniter.php(355): CodeIgniter\CodeIgniter->handleRequest(null, Object(Config\Cache), false)
 9 SYSTEMPATH/Boot.php(325): CodeIgniter\CodeIgniter->run()
10 SYSTEMPATH/Boot.php(67): CodeIgniter\Boot::runCodeIgniter(Object(CodeIgniter\CodeIgniter))
11 FCPATH/index.php(29): CodeIgniter\Boot::bootWeb(Object(Config\Paths))
