CRITICAL - 2024-12-04 17:37:01 --> CodeIgniter\View\Exceptions\ViewException: Archivo inválido: empresas_view.php
[Method: GET, Route: empresas]
in SYSTEMPATH/Exceptions/FrameworkException.php on line 41.
 1 SYSTEMPATH/View/View.php(222): CodeIgniter\Exceptions\FrameworkException::forInvalidFile('empresas_view.php')
 2 SYSTEMPATH/Common.php(1171): CodeIgniter\View\View->render('empresas_view', [], true)
 3 APPPATH/Controllers/Empresas.php(19): view('empresas_view', [...])
 4 SYSTEMPATH/CodeIgniter.php(933): App\Controllers\Empresas->index()
 5 SYSTEMPATH/CodeIgniter.php(509): CodeIgniter\CodeIgniter->runController(Object(App\Controllers\Empresas))
 6 SYSTEMPATH/CodeIgniter.php(355): CodeIgniter\CodeIgniter->handleRequest(null, Object(Config\Cache), false)
 7 SYSTEMPATH/Boot.php(325): CodeIgniter\CodeIgniter->run()
 8 SYSTEMPATH/Boot.php(67): CodeIgniter\Boot::runCodeIgniter(Object(CodeIgniter\CodeIgniter))
 9 FCPATH/index.php(29): CodeIgniter\Boot::bootWeb(Object(Config\Paths))
CRITICAL - 2024-12-04 17:37:15 --> CodeIgniter\View\Exceptions\ViewException: Archivo inválido: empresas_view.php
[Method: GET, Route: empresas]
in SYSTEMPATH/Exceptions/FrameworkException.php on line 41.
 1 SYSTEMPATH/View/View.php(222): CodeIgniter\Exceptions\FrameworkException::forInvalidFile('empresas_view.php')
 2 SYSTEMPATH/Common.php(1171): CodeIgniter\View\View->render('empresas_view', [], true)
 3 APPPATH/Controllers/Empresas.php(19): view('empresas_view', [...])
 4 SYSTEMPATH/CodeIgniter.php(933): App\Controllers\Empresas->index()
 5 SYSTEMPATH/CodeIgniter.php(509): CodeIgniter\CodeIgniter->runController(Object(App\Controllers\Empresas))
 6 SYSTEMPATH/CodeIgniter.php(355): CodeIgniter\CodeIgniter->handleRequest(null, Object(Config\Cache), false)
 7 SYSTEMPATH/Boot.php(325): CodeIgniter\CodeIgniter->run()
 8 SYSTEMPATH/Boot.php(67): CodeIgniter\Boot::runCodeIgniter(Object(CodeIgniter\CodeIgniter))
 9 FCPATH/index.php(29): CodeIgniter\Boot::bootWeb(Object(Config\Paths))
INFO - 2024-12-04 17:37:49 --> Session: Class initialized using 'CodeIgniter\Session\Handlers\FileHandler' driver.
INFO - 2024-12-04 17:37:52 --> Session: Class initialized using 'CodeIgniter\Session\Handlers\FileHandler' driver.
CRITICAL - 2024-12-04 17:37:52 --> CodeIgniter\View\Exceptions\ViewException: Archivo inválido: empresas_view.php
[Method: GET, Route: empresas]
in SYSTEMPATH/Exceptions/FrameworkException.php on line 41.
 1 SYSTEMPATH/View/View.php(222): CodeIgniter\Exceptions\FrameworkException::forInvalidFile('empresas_view.php')
 2 SYSTEMPATH/Common.php(1171): CodeIgniter\View\View->render('empresas_view', [], true)
 3 APPPATH/Controllers/Empresas.php(19): view('empresas_view', [...])
 4 SYSTEMPATH/CodeIgniter.php(933): App\Controllers\Empresas->index()
 5 SYSTEMPATH/CodeIgniter.php(509): CodeIgniter\CodeIgniter->runController(Object(App\Controllers\Empresas))
 6 SYSTEMPATH/CodeIgniter.php(355): CodeIgniter\CodeIgniter->handleRequest(null, Object(Config\Cache), false)
 7 SYSTEMPATH/Boot.php(325): CodeIgniter\CodeIgniter->run()
 8 SYSTEMPATH/Boot.php(67): CodeIgniter\Boot::runCodeIgniter(Object(CodeIgniter\CodeIgniter))
 9 FCPATH/index.php(29): CodeIgniter\Boot::bootWeb(Object(Config\Paths))
INFO - 2024-12-04 17:38:34 --> Session: Class initialized using 'CodeIgniter\Session\Handlers\FileHandler' driver.
INFO - 2024-12-04 17:38:34 --> Session: Class initialized using 'CodeIgniter\Session\Handlers\FileHandler' driver.
INFO - 2024-12-04 17:38:36 --> Session: Class initialized using 'CodeIgniter\Session\Handlers\FileHandler' driver.
INFO - 2024-12-04 17:38:36 --> Session: Class initialized using 'CodeIgniter\Session\Handlers\FileHandler' driver.
INFO - 2024-12-04 17:38:39 --> Session: Class initialized using 'CodeIgniter\Session\Handlers\FileHandler' driver.
INFO - 2024-12-04 17:38:39 --> Session: Class initialized using 'CodeIgniter\Session\Handlers\FileHandler' driver.
INFO - 2024-12-04 17:38:39 --> Session: Class initialized using 'CodeIgniter\Session\Handlers\FileHandler' driver.
INFO - 2024-12-04 17:38:43 --> Session: Class initialized using 'CodeIgniter\Session\Handlers\FileHandler' driver.
INFO - 2024-12-04 17:38:43 --> Session: Class initialized using 'CodeIgniter\Session\Handlers\FileHandler' driver.
INFO - 2024-12-04 17:38:46 --> Session: Class initialized using 'CodeIgniter\Session\Handlers\FileHandler' driver.
INFO - 2024-12-04 17:38:50 --> Session: Class initialized using 'CodeIgniter\Session\Handlers\FileHandler' driver.
INFO - 2024-12-04 17:38:50 --> Session: Class initialized using 'CodeIgniter\Session\Handlers\FileHandler' driver.
INFO - 2024-12-04 17:38:50 --> Session: Class initialized using 'CodeIgniter\Session\Handlers\FileHandler' driver.
INFO - 2024-12-04 17:38:55 --> Session: Class initialized using 'CodeIgniter\Session\Handlers\FileHandler' driver.
INFO - 2024-12-04 17:38:55 --> Session: Class initialized using 'CodeIgniter\Session\Handlers\FileHandler' driver.
INFO - 2024-12-04 17:38:55 --> Session: Class initialized using 'CodeIgniter\Session\Handlers\FileHandler' driver.
INFO - 2024-12-04 17:38:59 --> Session: Class initialized using 'CodeIgniter\Session\Handlers\FileHandler' driver.
INFO - 2024-12-04 17:38:59 --> Session: Class initialized using 'CodeIgniter\Session\Handlers\FileHandler' driver.
INFO - 2024-12-04 17:38:59 --> Session: Class initialized using 'CodeIgniter\Session\Handlers\FileHandler' driver.
INFO - 2024-12-04 17:38:59 --> Session: Class initialized using 'CodeIgniter\Session\Handlers\FileHandler' driver.
INFO - 2024-12-04 17:39:02 --> Session: Class initialized using 'CodeIgniter\Session\Handlers\FileHandler' driver.
INFO - 2024-12-04 17:39:02 --> Session: Class initialized using 'CodeIgniter\Session\Handlers\FileHandler' driver.
INFO - 2024-12-04 17:39:05 --> Session: Class initialized using 'CodeIgniter\Session\Handlers\FileHandler' driver.
INFO - 2024-12-04 17:39:05 --> Session: Class initialized using 'CodeIgniter\Session\Handlers\FileHandler' driver.
INFO - 2024-12-04 17:39:05 --> Session: Class initialized using 'CodeIgniter\Session\Handlers\FileHandler' driver.
INFO - 2024-12-04 17:39:35 --> Session: Class initialized using 'CodeIgniter\Session\Handlers\FileHandler' driver.
INFO - 2024-12-04 17:39:36 --> Session: Class initialized using 'CodeIgniter\Session\Handlers\FileHandler' driver.
INFO - 2024-12-04 17:39:36 --> Session: Class initialized using 'CodeIgniter\Session\Handlers\FileHandler' driver.
INFO - 2024-12-04 17:39:37 --> Session: Class initialized using 'CodeIgniter\Session\Handlers\FileHandler' driver.
INFO - 2024-12-04 17:39:37 --> Session: Class initialized using 'CodeIgniter\Session\Handlers\FileHandler' driver.
INFO - 2024-12-04 17:39:37 --> Session: Class initialized using 'CodeIgniter\Session\Handlers\FileHandler' driver.
INFO - 2024-12-04 17:48:04 --> Session: Class initialized using 'CodeIgniter\Session\Handlers\FileHandler' driver.
INFO - 2024-12-04 17:48:04 --> Session: Class initialized using 'CodeIgniter\Session\Handlers\FileHandler' driver.
INFO - 2024-12-04 17:48:05 --> Session: Class initialized using 'CodeIgniter\Session\Handlers\FileHandler' driver.
INFO - 2024-12-04 17:48:07 --> Session: Class initialized using 'CodeIgniter\Session\Handlers\FileHandler' driver.
INFO - 2024-12-04 17:48:07 --> Session: Class initialized using 'CodeIgniter\Session\Handlers\FileHandler' driver.
INFO - 2024-12-04 17:48:13 --> Session: Class initialized using 'CodeIgniter\Session\Handlers\FileHandler' driver.
INFO - 2024-12-04 17:48:16 --> Session: Class initialized using 'CodeIgniter\Session\Handlers\FileHandler' driver.
INFO - 2024-12-04 17:48:18 --> Session: Class initialized using 'CodeIgniter\Session\Handlers\FileHandler' driver.
INFO - 2024-12-04 17:48:18 --> Session: Class initialized using 'CodeIgniter\Session\Handlers\FileHandler' driver.
INFO - 2024-12-04 17:48:18 --> Session: Class initialized using 'CodeIgniter\Session\Handlers\FileHandler' driver.
INFO - 2024-12-04 17:48:22 --> Session: Class initialized using 'CodeIgniter\Session\Handlers\FileHandler' driver.
INFO - 2024-12-04 17:48:23 --> Session: Class initialized using 'CodeIgniter\Session\Handlers\FileHandler' driver.
CRITICAL - 2024-12-04 17:48:23 --> ErrorException: Undefined variable $precio
[Method: GET, Route: productos_necesidad/getProductos]
in APPPATH/Controllers/Productos_necesidad.php on line 66.
 1 APPPATH/Controllers/Productos_necesidad.php(66): CodeIgniter\Debug\Exceptions->errorHandler(2, 'Undefined variable $precio', '/home/customer/www/showscreen.app/public_html/app/Controllers/Productos_necesidad.php', 66)
 2 SYSTEMPATH/CodeIgniter.php(933): App\Controllers\Productos_necesidad->getProductos()
 3 SYSTEMPATH/CodeIgniter.php(509): CodeIgniter\CodeIgniter->runController(Object(App\Controllers\Productos_necesidad))
 4 SYSTEMPATH/CodeIgniter.php(355): CodeIgniter\CodeIgniter->handleRequest(null, Object(Config\Cache), false)
 5 SYSTEMPATH/Boot.php(325): CodeIgniter\CodeIgniter->run()
 6 SYSTEMPATH/Boot.php(67): CodeIgniter\Boot::runCodeIgniter(Object(CodeIgniter\CodeIgniter))
 7 FCPATH/index.php(29): CodeIgniter\Boot::bootWeb(Object(Config\Paths))
INFO - 2024-12-04 17:48:27 --> Session: Class initialized using 'CodeIgniter\Session\Handlers\FileHandler' driver.
INFO - 2024-12-04 17:48:31 --> Session: Class initialized using 'CodeIgniter\Session\Handlers\FileHandler' driver.
INFO - 2024-12-04 17:48:31 --> Session: Class initialized using 'CodeIgniter\Session\Handlers\FileHandler' driver.
INFO - 2024-12-04 17:48:31 --> Session: Class initialized using 'CodeIgniter\Session\Handlers\FileHandler' driver.
INFO - 2024-12-04 17:48:35 --> Session: Class initialized using 'CodeIgniter\Session\Handlers\FileHandler' driver.
INFO - 2024-12-04 17:48:35 --> Session: Class initialized using 'CodeIgniter\Session\Handlers\FileHandler' driver.
CRITICAL - 2024-12-04 17:48:35 --> ErrorException: Undefined variable $precio
[Method: GET, Route: productos_necesidad/getProductos]
in APPPATH/Controllers/Productos_necesidad.php on line 66.
 1 APPPATH/Controllers/Productos_necesidad.php(66): CodeIgniter\Debug\Exceptions->errorHandler(2, 'Undefined variable $precio', '/home/customer/www/showscreen.app/public_html/app/Controllers/Productos_necesidad.php', 66)
 2 SYSTEMPATH/CodeIgniter.php(933): App\Controllers\Productos_necesidad->getProductos()
 3 SYSTEMPATH/CodeIgniter.php(509): CodeIgniter\CodeIgniter->runController(Object(App\Controllers\Productos_necesidad))
 4 SYSTEMPATH/CodeIgniter.php(355): CodeIgniter\CodeIgniter->handleRequest(null, Object(Config\Cache), false)
 5 SYSTEMPATH/Boot.php(325): CodeIgniter\CodeIgniter->run()
 6 SYSTEMPATH/Boot.php(67): CodeIgniter\Boot::runCodeIgniter(Object(CodeIgniter\CodeIgniter))
 7 FCPATH/index.php(29): CodeIgniter\Boot::bootWeb(Object(Config\Paths))
INFO - 2024-12-04 17:48:38 --> Session: Class initialized using 'CodeIgniter\Session\Handlers\FileHandler' driver.
INFO - 2024-12-04 17:48:38 --> Session: Class initialized using 'CodeIgniter\Session\Handlers\FileHandler' driver.
INFO - 2024-12-04 17:48:42 --> Session: Class initialized using 'CodeIgniter\Session\Handlers\FileHandler' driver.
INFO - 2024-12-04 17:48:42 --> Session: Class initialized using 'CodeIgniter\Session\Handlers\FileHandler' driver.
CRITICAL - 2024-12-04 17:48:42 --> ErrorException: Undefined variable $precio
[Method: GET, Route: productos_necesidad/getProductos]
in APPPATH/Controllers/Productos_necesidad.php on line 66.
 1 APPPATH/Controllers/Productos_necesidad.php(66): CodeIgniter\Debug\Exceptions->errorHandler(2, 'Undefined variable $precio', '/home/customer/www/showscreen.app/public_html/app/Controllers/Productos_necesidad.php', 66)
 2 SYSTEMPATH/CodeIgniter.php(933): App\Controllers\Productos_necesidad->getProductos()
 3 SYSTEMPATH/CodeIgniter.php(509): CodeIgniter\CodeIgniter->runController(Object(App\Controllers\Productos_necesidad))
 4 SYSTEMPATH/CodeIgniter.php(355): CodeIgniter\CodeIgniter->handleRequest(null, Object(Config\Cache), false)
 5 SYSTEMPATH/Boot.php(325): CodeIgniter\CodeIgniter->run()
 6 SYSTEMPATH/Boot.php(67): CodeIgniter\Boot::runCodeIgniter(Object(CodeIgniter\CodeIgniter))
 7 FCPATH/index.php(29): CodeIgniter\Boot::bootWeb(Object(Config\Paths))
INFO - 2024-12-04 17:48:45 --> Session: Class initialized using 'CodeIgniter\Session\Handlers\FileHandler' driver.
INFO - 2024-12-04 17:48:47 --> Session: Class initialized using 'CodeIgniter\Session\Handlers\FileHandler' driver.
INFO - 2024-12-04 17:48:47 --> Session: Class initialized using 'CodeIgniter\Session\Handlers\FileHandler' driver.
INFO - 2024-12-04 17:48:47 --> Session: Class initialized using 'CodeIgniter\Session\Handlers\FileHandler' driver.
INFO - 2024-12-04 17:48:49 --> Session: Class initialized using 'CodeIgniter\Session\Handlers\FileHandler' driver.
INFO - 2024-12-04 17:48:49 --> Session: Class initialized using 'CodeIgniter\Session\Handlers\FileHandler' driver.
ERROR - 2024-12-04 17:48:49 --> mysqli_sql_exception: Table 'dbgxzcznebwvay.productos_necesidad' doesn't exist in /home/customer/www/showscreen.app/public_html/vendor/codeigniter4/codeigniter4/system/Database/MySQLi/Connection.php:312
Stack trace:
#0 /home/customer/www/showscreen.app/public_html/vendor/codeigniter4/codeigniter4/system/Database/MySQLi/Connection.php(312): mysqli->query('SELECT *\nFROM `...', 0)
#1 /home/customer/www/showscreen.app/public_html/vendor/codeigniter4/codeigniter4/system/Database/BaseConnection.php(734): CodeIgniter\Database\MySQLi\Connection->execute('SELECT *\nFROM `...')
#2 /home/customer/www/showscreen.app/public_html/vendor/codeigniter4/codeigniter4/system/Database/BaseConnection.php(648): CodeIgniter\Database\BaseConnection->simpleQuery('SELECT *\nFROM `...')
#3 /home/customer/www/showscreen.app/public_html/vendor/codeigniter4/codeigniter4/system/Database/BaseBuilder.php(1636): CodeIgniter\Database\BaseConnection->query('SELECT *\nFROM `...', Array, false)
#4 /home/customer/www/showscreen.app/public_html/vendor/codeigniter4/codeigniter4/system/Model.php(286): CodeIgniter\Database\BaseBuilder->get()
#5 /home/customer/www/showscreen.app/public_html/vendor/codeigniter4/codeigniter4/system/BaseModel.php(676): CodeIgniter\Model->doFindAll(0, 0)
#6 /home/customer/www/showscreen.app/public_html/app/Controllers/Productos_necesidad.php(34): CodeIgniter\BaseModel->findAll()
#7 /home/customer/www/showscreen.app/public_html/vendor/codeigniter4/codeigniter4/system/CodeIgniter.php(933): App\Controllers\Productos_necesidad->getProductos()
#8 /home/customer/www/showscreen.app/public_html/vendor/codeigniter4/codeigniter4/system/CodeIgniter.php(509): CodeIgniter\CodeIgniter->runController(Object(App\Controllers\Productos_necesidad))
#9 /home/customer/www/showscreen.app/public_html/vendor/codeigniter4/codeigniter4/system/CodeIgniter.php(355): CodeIgniter\CodeIgniter->handleRequest(NULL, Object(Config\Cache), false)
#10 /home/customer/www/showscreen.app/public_html/vendor/codeigniter4/codeigniter4/system/Boot.php(325): CodeIgniter\CodeIgniter->run()
#11 /home/customer/www/showscreen.app/public_html/vendor/codeigniter4/codeigniter4/system/Boot.php(67): CodeIgniter\Boot::runCodeIgniter(Object(CodeIgniter\CodeIgniter))
#12 /home/customer/www/showscreen.app/public_html/index.php(29): CodeIgniter\Boot::bootWeb(Object(Config\Paths))
#13 {main}
CRITICAL - 2024-12-04 17:48:49 --> CodeIgniter\Database\Exceptions\DatabaseException: Table 'dbgxzcznebwvay.productos_necesidad' doesn't exist
[Method: GET, Route: productos_necesidad/getProductos]
in SYSTEMPATH/Database/BaseConnection.php on line 688.
 1 SYSTEMPATH/Database/BaseBuilder.php(1636): CodeIgniter\Database\BaseConnection->query('SELECT *
FROM `productos_necesidad`', [], false)
 2 SYSTEMPATH/Model.php(286): CodeIgniter\Database\BaseBuilder->get()
 3 SYSTEMPATH/BaseModel.php(676): CodeIgniter\Model->doFindAll(0, 0)
 4 APPPATH/Controllers/Productos_necesidad.php(34): CodeIgniter\BaseModel->findAll()
 5 SYSTEMPATH/CodeIgniter.php(933): App\Controllers\Productos_necesidad->getProductos()
 6 SYSTEMPATH/CodeIgniter.php(509): CodeIgniter\CodeIgniter->runController(Object(App\Controllers\Productos_necesidad))
 7 SYSTEMPATH/CodeIgniter.php(355): CodeIgniter\CodeIgniter->handleRequest(null, Object(Config\Cache), false)
 8 SYSTEMPATH/Boot.php(325): CodeIgniter\CodeIgniter->run()
 9 SYSTEMPATH/Boot.php(67): CodeIgniter\Boot::runCodeIgniter(Object(CodeIgniter\CodeIgniter))
10 FCPATH/index.php(29): CodeIgniter\Boot::bootWeb(Object(Config\Paths))
CRITICAL - 2024-12-04 17:48:49 --> [Caused by] CodeIgniter\Database\Exceptions\DatabaseException: Table 'dbgxzcznebwvay.productos_necesidad' doesn't exist
in SYSTEMPATH/Database/MySQLi/Connection.php on line 317.
 1 SYSTEMPATH/Database/BaseConnection.php(734): CodeIgniter\Database\MySQLi\Connection->execute('SELECT *
FROM `productos_necesidad`')
 2 SYSTEMPATH/Database/BaseConnection.php(648): CodeIgniter\Database\BaseConnection->simpleQuery('SELECT *
FROM `productos_necesidad`')
 3 SYSTEMPATH/Database/BaseBuilder.php(1636): CodeIgniter\Database\BaseConnection->query('SELECT *
FROM `productos_necesidad`', [], false)
 4 SYSTEMPATH/Model.php(286): CodeIgniter\Database\BaseBuilder->get()
 5 SYSTEMPATH/BaseModel.php(676): CodeIgniter\Model->doFindAll(0, 0)
 6 APPPATH/Controllers/Productos_necesidad.php(34): CodeIgniter\BaseModel->findAll()
 7 SYSTEMPATH/CodeIgniter.php(933): App\Controllers\Productos_necesidad->getProductos()
 8 SYSTEMPATH/CodeIgniter.php(509): CodeIgniter\CodeIgniter->runController(Object(App\Controllers\Productos_necesidad))
 9 SYSTEMPATH/CodeIgniter.php(355): CodeIgniter\CodeIgniter->handleRequest(null, Object(Config\Cache), false)
10 SYSTEMPATH/Boot.php(325): CodeIgniter\CodeIgniter->run()
11 SYSTEMPATH/Boot.php(67): CodeIgniter\Boot::runCodeIgniter(Object(CodeIgniter\CodeIgniter))
12 FCPATH/index.php(29): CodeIgniter\Boot::bootWeb(Object(Config\Paths))
CRITICAL - 2024-12-04 17:48:49 --> [Caused by] mysqli_sql_exception: Table 'dbgxzcznebwvay.productos_necesidad' doesn't exist
in SYSTEMPATH/Database/MySQLi/Connection.php on line 312.
 1 SYSTEMPATH/Database/MySQLi/Connection.php(312): mysqli->query('SELECT *
FROM `productos_necesidad`', 0)
 2 SYSTEMPATH/Database/BaseConnection.php(734): CodeIgniter\Database\MySQLi\Connection->execute('SELECT *
FROM `productos_necesidad`')
 3 SYSTEMPATH/Database/BaseConnection.php(648): CodeIgniter\Database\BaseConnection->simpleQuery('SELECT *
FROM `productos_necesidad`')
 4 SYSTEMPATH/Database/BaseBuilder.php(1636): CodeIgniter\Database\BaseConnection->query('SELECT *
FROM `productos_necesidad`', [], false)
 5 SYSTEMPATH/Model.php(286): CodeIgniter\Database\BaseBuilder->get()
 6 SYSTEMPATH/BaseModel.php(676): CodeIgniter\Model->doFindAll(0, 0)
 7 APPPATH/Controllers/Productos_necesidad.php(34): CodeIgniter\BaseModel->findAll()
 8 SYSTEMPATH/CodeIgniter.php(933): App\Controllers\Productos_necesidad->getProductos()
 9 SYSTEMPATH/CodeIgniter.php(509): CodeIgniter\CodeIgniter->runController(Object(App\Controllers\Productos_necesidad))
10 SYSTEMPATH/CodeIgniter.php(355): CodeIgniter\CodeIgniter->handleRequest(null, Object(Config\Cache), false)
11 SYSTEMPATH/Boot.php(325): CodeIgniter\CodeIgniter->run()
12 SYSTEMPATH/Boot.php(67): CodeIgniter\Boot::runCodeIgniter(Object(CodeIgniter\CodeIgniter))
13 FCPATH/index.php(29): CodeIgniter\Boot::bootWeb(Object(Config\Paths))
INFO - 2024-12-04 17:48:52 --> Session: Class initialized using 'CodeIgniter\Session\Handlers\FileHandler' driver.
INFO - 2024-12-04 17:48:52 --> Session: Class initialized using 'CodeIgniter\Session\Handlers\FileHandler' driver.
ERROR - 2024-12-04 17:48:52 --> mysqli_sql_exception: Table 'dbgxzcznebwvay.proveedores' doesn't exist in /home/customer/www/showscreen.app/public_html/vendor/codeigniter4/codeigniter4/system/Database/MySQLi/Connection.php:312
Stack trace:
#0 /home/customer/www/showscreen.app/public_html/vendor/codeigniter4/codeigniter4/system/Database/MySQLi/Connection.php(312): mysqli->query('SELECT `proveed...', 0)
#1 /home/customer/www/showscreen.app/public_html/vendor/codeigniter4/codeigniter4/system/Database/BaseConnection.php(734): CodeIgniter\Database\MySQLi\Connection->execute('SELECT `proveed...')
#2 /home/customer/www/showscreen.app/public_html/vendor/codeigniter4/codeigniter4/system/Database/BaseConnection.php(648): CodeIgniter\Database\BaseConnection->simpleQuery('SELECT `proveed...')
#3 /home/customer/www/showscreen.app/public_html/vendor/codeigniter4/codeigniter4/system/Database/BaseBuilder.php(1636): CodeIgniter\Database\BaseConnection->query('SELECT `proveed...', Array, false)
#4 /home/customer/www/showscreen.app/public_html/app/Controllers/Proveedores.php(26): CodeIgniter\Database\BaseBuilder->get()
#5 /home/customer/www/showscreen.app/public_html/vendor/codeigniter4/codeigniter4/system/CodeIgniter.php(933): App\Controllers\Proveedores->getProveedores()
#6 /home/customer/www/showscreen.app/public_html/vendor/codeigniter4/codeigniter4/system/CodeIgniter.php(509): CodeIgniter\CodeIgniter->runController(Object(App\Controllers\Proveedores))
#7 /home/customer/www/showscreen.app/public_html/vendor/codeigniter4/codeigniter4/system/CodeIgniter.php(355): CodeIgniter\CodeIgniter->handleRequest(NULL, Object(Config\Cache), false)
#8 /home/customer/www/showscreen.app/public_html/vendor/codeigniter4/codeigniter4/system/Boot.php(325): CodeIgniter\CodeIgniter->run()
#9 /home/customer/www/showscreen.app/public_html/vendor/codeigniter4/codeigniter4/system/Boot.php(67): CodeIgniter\Boot::runCodeIgniter(Object(CodeIgniter\CodeIgniter))
#10 /home/customer/www/showscreen.app/public_html/index.php(29): CodeIgniter\Boot::bootWeb(Object(Config\Paths))
#11 {main}
CRITICAL - 2024-12-04 17:48:52 --> CodeIgniter\Database\Exceptions\DatabaseException: Table 'dbgxzcznebwvay.proveedores' doesn't exist
[Method: GET, Route: proveedores/getProveedores]
in SYSTEMPATH/Database/BaseConnection.php on line 688.
 1 SYSTEMPATH/Database/BaseBuilder.php(1636): CodeIgniter\Database\BaseConnection->query('SELECT `proveedores`.`id_proveedor`, `proveedores`.`nombre_proveedor`, `proveedores`.`nif`, `proveedores`.`direccion`, `proveedores`.`contacto`, `proveedores`.`telf`, `proveedores`.`web`, `proveedores`.`email`, `provincias`.`provincia` AS `nombre_provincia`
FROM `proveedores`
LEFT JOIN `provincias` ON `proveedores`.`id_provincia` = `provincias`.`id_provincia`', [], false)
 2 APPPATH/Controllers/Proveedores.php(26): CodeIgniter\Database\BaseBuilder->get()
 3 SYSTEMPATH/CodeIgniter.php(933): App\Controllers\Proveedores->getProveedores()
 4 SYSTEMPATH/CodeIgniter.php(509): CodeIgniter\CodeIgniter->runController(Object(App\Controllers\Proveedores))
 5 SYSTEMPATH/CodeIgniter.php(355): CodeIgniter\CodeIgniter->handleRequest(null, Object(Config\Cache), false)
 6 SYSTEMPATH/Boot.php(325): CodeIgniter\CodeIgniter->run()
 7 SYSTEMPATH/Boot.php(67): CodeIgniter\Boot::runCodeIgniter(Object(CodeIgniter\CodeIgniter))
 8 FCPATH/index.php(29): CodeIgniter\Boot::bootWeb(Object(Config\Paths))
CRITICAL - 2024-12-04 17:48:52 --> [Caused by] CodeIgniter\Database\Exceptions\DatabaseException: Table 'dbgxzcznebwvay.proveedores' doesn't exist
in SYSTEMPATH/Database/MySQLi/Connection.php on line 317.
 1 SYSTEMPATH/Database/BaseConnection.php(734): CodeIgniter\Database\MySQLi\Connection->execute('SELECT `proveedores`.`id_proveedor`, `proveedores`.`nombre_proveedor`, `proveedores`.`nif`, `proveedores`.`direccion`, `proveedores`.`contacto`, `proveedores`.`telf`, `proveedores`.`web`, `proveedores`.`email`, `provincias`.`provincia` AS `nombre_provincia`
FROM `proveedores`
LEFT JOIN `provincias` ON `proveedores`.`id_provincia` = `provincias`.`id_provincia`')
 2 SYSTEMPATH/Database/BaseConnection.php(648): CodeIgniter\Database\BaseConnection->simpleQuery('SELECT `proveedores`.`id_proveedor`, `proveedores`.`nombre_proveedor`, `proveedores`.`nif`, `proveedores`.`direccion`, `proveedores`.`contacto`, `proveedores`.`telf`, `proveedores`.`web`, `proveedores`.`email`, `provincias`.`provincia` AS `nombre_provincia`
FROM `proveedores`
LEFT JOIN `provincias` ON `proveedores`.`id_provincia` = `provincias`.`id_provincia`')
 3 SYSTEMPATH/Database/BaseBuilder.php(1636): CodeIgniter\Database\BaseConnection->query('SELECT `proveedores`.`id_proveedor`, `proveedores`.`nombre_proveedor`, `proveedores`.`nif`, `proveedores`.`direccion`, `proveedores`.`contacto`, `proveedores`.`telf`, `proveedores`.`web`, `proveedores`.`email`, `provincias`.`provincia` AS `nombre_provincia`
FROM `proveedores`
LEFT JOIN `provincias` ON `proveedores`.`id_provincia` = `provincias`.`id_provincia`', [], false)
 4 APPPATH/Controllers/Proveedores.php(26): CodeIgniter\Database\BaseBuilder->get()
 5 SYSTEMPATH/CodeIgniter.php(933): App\Controllers\Proveedores->getProveedores()
 6 SYSTEMPATH/CodeIgniter.php(509): CodeIgniter\CodeIgniter->runController(Object(App\Controllers\Proveedores))
 7 SYSTEMPATH/CodeIgniter.php(355): CodeIgniter\CodeIgniter->handleRequest(null, Object(Config\Cache), false)
 8 SYSTEMPATH/Boot.php(325): CodeIgniter\CodeIgniter->run()
 9 SYSTEMPATH/Boot.php(67): CodeIgniter\Boot::runCodeIgniter(Object(CodeIgniter\CodeIgniter))
10 FCPATH/index.php(29): CodeIgniter\Boot::bootWeb(Object(Config\Paths))
CRITICAL - 2024-12-04 17:48:52 --> [Caused by] mysqli_sql_exception: Table 'dbgxzcznebwvay.proveedores' doesn't exist
in SYSTEMPATH/Database/MySQLi/Connection.php on line 312.
 1 SYSTEMPATH/Database/MySQLi/Connection.php(312): mysqli->query('SELECT `proveedores`.`id_proveedor`, `proveedores`.`nombre_proveedor`, `proveedores`.`nif`, `proveedores`.`direccion`, `proveedores`.`contacto`, `proveedores`.`telf`, `proveedores`.`web`, `proveedores`.`email`, `provincias`.`provincia` AS `nombre_provincia`
FROM `proveedores`
LEFT JOIN `provincias` ON `proveedores`.`id_provincia` = `provincias`.`id_provincia`', 0)
 2 SYSTEMPATH/Database/BaseConnection.php(734): CodeIgniter\Database\MySQLi\Connection->execute('SELECT `proveedores`.`id_proveedor`, `proveedores`.`nombre_proveedor`, `proveedores`.`nif`, `proveedores`.`direccion`, `proveedores`.`contacto`, `proveedores`.`telf`, `proveedores`.`web`, `proveedores`.`email`, `provincias`.`provincia` AS `nombre_provincia`
FROM `proveedores`
LEFT JOIN `provincias` ON `proveedores`.`id_provincia` = `provincias`.`id_provincia`')
 3 SYSTEMPATH/Database/BaseConnection.php(648): CodeIgniter\Database\BaseConnection->simpleQuery('SELECT `proveedores`.`id_proveedor`, `proveedores`.`nombre_proveedor`, `proveedores`.`nif`, `proveedores`.`direccion`, `proveedores`.`contacto`, `proveedores`.`telf`, `proveedores`.`web`, `proveedores`.`email`, `provincias`.`provincia` AS `nombre_provincia`
FROM `proveedores`
LEFT JOIN `provincias` ON `proveedores`.`id_provincia` = `provincias`.`id_provincia`')
 4 SYSTEMPATH/Database/BaseBuilder.php(1636): CodeIgniter\Database\BaseConnection->query('SELECT `proveedores`.`id_proveedor`, `proveedores`.`nombre_proveedor`, `proveedores`.`nif`, `proveedores`.`direccion`, `proveedores`.`contacto`, `proveedores`.`telf`, `proveedores`.`web`, `proveedores`.`email`, `provincias`.`provincia` AS `nombre_provincia`
FROM `proveedores`
LEFT JOIN `provincias` ON `proveedores`.`id_provincia` = `provincias`.`id_provincia`', [], false)
 5 APPPATH/Controllers/Proveedores.php(26): CodeIgniter\Database\BaseBuilder->get()
 6 SYSTEMPATH/CodeIgniter.php(933): App\Controllers\Proveedores->getProveedores()
 7 SYSTEMPATH/CodeIgniter.php(509): CodeIgniter\CodeIgniter->runController(Object(App\Controllers\Proveedores))
 8 SYSTEMPATH/CodeIgniter.php(355): CodeIgniter\CodeIgniter->handleRequest(null, Object(Config\Cache), false)
 9 SYSTEMPATH/Boot.php(325): CodeIgniter\CodeIgniter->run()
10 SYSTEMPATH/Boot.php(67): CodeIgniter\Boot::runCodeIgniter(Object(CodeIgniter\CodeIgniter))
11 FCPATH/index.php(29): CodeIgniter\Boot::bootWeb(Object(Config\Paths))
INFO - 2024-12-04 17:48:57 --> Session: Class initialized using 'CodeIgniter\Session\Handlers\FileHandler' driver.
INFO - 2024-12-04 17:48:59 --> Session: Class initialized using 'CodeIgniter\Session\Handlers\FileHandler' driver.
INFO - 2024-12-04 17:48:59 --> Session: Class initialized using 'CodeIgniter\Session\Handlers\FileHandler' driver.
INFO - 2024-12-04 17:48:59 --> Session: Class initialized using 'CodeIgniter\Session\Handlers\FileHandler' driver.
INFO - 2024-12-04 17:49:03 --> Session: Class initialized using 'CodeIgniter\Session\Handlers\FileHandler' driver.
INFO - 2024-12-04 17:49:04 --> Session: Class initialized using 'CodeIgniter\Session\Handlers\FileHandler' driver.
CRITICAL - 2024-12-04 17:49:04 --> ErrorException: Undefined variable $precio
[Method: GET, Route: productos_necesidad/getProductos]
in APPPATH/Controllers/Productos_necesidad.php on line 66.
 1 APPPATH/Controllers/Productos_necesidad.php(66): CodeIgniter\Debug\Exceptions->errorHandler(2, 'Undefined variable $precio', '/home/customer/www/showscreen.app/public_html/app/Controllers/Productos_necesidad.php', 66)
 2 SYSTEMPATH/CodeIgniter.php(933): App\Controllers\Productos_necesidad->getProductos()
 3 SYSTEMPATH/CodeIgniter.php(509): CodeIgniter\CodeIgniter->runController(Object(App\Controllers\Productos_necesidad))
 4 SYSTEMPATH/CodeIgniter.php(355): CodeIgniter\CodeIgniter->handleRequest(null, Object(Config\Cache), false)
 5 SYSTEMPATH/Boot.php(325): CodeIgniter\CodeIgniter->run()
 6 SYSTEMPATH/Boot.php(67): CodeIgniter\Boot::runCodeIgniter(Object(CodeIgniter\CodeIgniter))
 7 FCPATH/index.php(29): CodeIgniter\Boot::bootWeb(Object(Config\Paths))
INFO - 2024-12-04 17:49:06 --> Session: Class initialized using 'CodeIgniter\Session\Handlers\FileHandler' driver.
INFO - 2024-12-04 17:49:06 --> Session: Class initialized using 'CodeIgniter\Session\Handlers\FileHandler' driver.
CRITICAL - 2024-12-04 17:49:06 --> ErrorException: Undefined variable $precio
[Method: GET, Route: productos_necesidad/getProductos]
in APPPATH/Controllers/Productos_necesidad.php on line 66.
 1 APPPATH/Controllers/Productos_necesidad.php(66): CodeIgniter\Debug\Exceptions->errorHandler(2, 'Undefined variable $precio', '/home/customer/www/showscreen.app/public_html/app/Controllers/Productos_necesidad.php', 66)
 2 SYSTEMPATH/CodeIgniter.php(933): App\Controllers\Productos_necesidad->getProductos()
 3 SYSTEMPATH/CodeIgniter.php(509): CodeIgniter\CodeIgniter->runController(Object(App\Controllers\Productos_necesidad))
 4 SYSTEMPATH/CodeIgniter.php(355): CodeIgniter\CodeIgniter->handleRequest(null, Object(Config\Cache), false)
 5 SYSTEMPATH/Boot.php(325): CodeIgniter\CodeIgniter->run()
 6 SYSTEMPATH/Boot.php(67): CodeIgniter\Boot::runCodeIgniter(Object(CodeIgniter\CodeIgniter))
 7 FCPATH/index.php(29): CodeIgniter\Boot::bootWeb(Object(Config\Paths))
INFO - 2024-12-04 17:49:19 --> Session: Class initialized using 'CodeIgniter\Session\Handlers\FileHandler' driver.
INFO - 2024-12-04 17:49:19 --> Session: Class initialized using 'CodeIgniter\Session\Handlers\FileHandler' driver.
INFO - 2024-12-04 17:49:22 --> Session: Class initialized using 'CodeIgniter\Session\Handlers\FileHandler' driver.
INFO - 2024-12-04 17:49:28 --> Session: Class initialized using 'CodeIgniter\Session\Handlers\FileHandler' driver.
INFO - 2024-12-04 17:49:28 --> Session: Class initialized using 'CodeIgniter\Session\Handlers\FileHandler' driver.
CRITICAL - 2024-12-04 17:49:28 --> ErrorException: Undefined variable $precio
[Method: GET, Route: productos_necesidad/getProductos]
in APPPATH/Controllers/Productos_necesidad.php on line 66.
 1 APPPATH/Controllers/Productos_necesidad.php(66): CodeIgniter\Debug\Exceptions->errorHandler(2, 'Undefined variable $precio', '/home/customer/www/showscreen.app/public_html/app/Controllers/Productos_necesidad.php', 66)
 2 SYSTEMPATH/CodeIgniter.php(933): App\Controllers\Productos_necesidad->getProductos()
 3 SYSTEMPATH/CodeIgniter.php(509): CodeIgniter\CodeIgniter->runController(Object(App\Controllers\Productos_necesidad))
 4 SYSTEMPATH/CodeIgniter.php(355): CodeIgniter\CodeIgniter->handleRequest(null, Object(Config\Cache), false)
 5 SYSTEMPATH/Boot.php(325): CodeIgniter\CodeIgniter->run()
 6 SYSTEMPATH/Boot.php(67): CodeIgniter\Boot::runCodeIgniter(Object(CodeIgniter\CodeIgniter))
 7 FCPATH/index.php(29): CodeIgniter\Boot::bootWeb(Object(Config\Paths))
INFO - 2024-12-04 17:49:30 --> Session: Class initialized using 'CodeIgniter\Session\Handlers\FileHandler' driver.
INFO - 2024-12-04 17:49:32 --> Session: Class initialized using 'CodeIgniter\Session\Handlers\FileHandler' driver.
INFO - 2024-12-04 17:49:32 --> Session: Class initialized using 'CodeIgniter\Session\Handlers\FileHandler' driver.
CRITICAL - 2024-12-04 17:49:32 --> ErrorException: Undefined variable $precio
[Method: GET, Route: productos_necesidad/getProductos]
in APPPATH/Controllers/Productos_necesidad.php on line 66.
 1 APPPATH/Controllers/Productos_necesidad.php(66): CodeIgniter\Debug\Exceptions->errorHandler(2, 'Undefined variable $precio', '/home/customer/www/showscreen.app/public_html/app/Controllers/Productos_necesidad.php', 66)
 2 SYSTEMPATH/CodeIgniter.php(933): App\Controllers\Productos_necesidad->getProductos()
 3 SYSTEMPATH/CodeIgniter.php(509): CodeIgniter\CodeIgniter->runController(Object(App\Controllers\Productos_necesidad))
 4 SYSTEMPATH/CodeIgniter.php(355): CodeIgniter\CodeIgniter->handleRequest(null, Object(Config\Cache), false)
 5 SYSTEMPATH/Boot.php(325): CodeIgniter\CodeIgniter->run()
 6 SYSTEMPATH/Boot.php(67): CodeIgniter\Boot::runCodeIgniter(Object(CodeIgniter\CodeIgniter))
 7 FCPATH/index.php(29): CodeIgniter\Boot::bootWeb(Object(Config\Paths))
INFO - 2024-12-04 17:49:34 --> Session: Class initialized using 'CodeIgniter\Session\Handlers\FileHandler' driver.
INFO - 2024-12-04 17:49:37 --> Session: Class initialized using 'CodeIgniter\Session\Handlers\FileHandler' driver.
INFO - 2024-12-04 17:49:37 --> Session: Class initialized using 'CodeIgniter\Session\Handlers\FileHandler' driver.
CRITICAL - 2024-12-04 17:49:37 --> ErrorException: Undefined variable $precio
[Method: GET, Route: productos_necesidad/getProductos]
in APPPATH/Controllers/Productos_necesidad.php on line 66.
 1 APPPATH/Controllers/Productos_necesidad.php(66): CodeIgniter\Debug\Exceptions->errorHandler(2, 'Undefined variable $precio', '/home/customer/www/showscreen.app/public_html/app/Controllers/Productos_necesidad.php', 66)
 2 SYSTEMPATH/CodeIgniter.php(933): App\Controllers\Productos_necesidad->getProductos()
 3 SYSTEMPATH/CodeIgniter.php(509): CodeIgniter\CodeIgniter->runController(Object(App\Controllers\Productos_necesidad))
 4 SYSTEMPATH/CodeIgniter.php(355): CodeIgniter\CodeIgniter->handleRequest(null, Object(Config\Cache), false)
 5 SYSTEMPATH/Boot.php(325): CodeIgniter\CodeIgniter->run()
 6 SYSTEMPATH/Boot.php(67): CodeIgniter\Boot::runCodeIgniter(Object(CodeIgniter\CodeIgniter))
 7 FCPATH/index.php(29): CodeIgniter\Boot::bootWeb(Object(Config\Paths))
INFO - 2024-12-04 17:53:22 --> Session: Class initialized using 'CodeIgniter\Session\Handlers\FileHandler' driver.
INFO - 2024-12-04 17:53:22 --> Session: Class initialized using 'CodeIgniter\Session\Handlers\FileHandler' driver.
INFO - 2024-12-04 17:53:29 --> Session: Class initialized using 'CodeIgniter\Session\Handlers\FileHandler' driver.
INFO - 2024-12-04 17:53:31 --> Session: Class initialized using 'CodeIgniter\Session\Handlers\FileHandler' driver.
INFO - 2024-12-04 17:53:31 --> Session: Class initialized using 'CodeIgniter\Session\Handlers\FileHandler' driver.
INFO - 2024-12-04 17:53:31 --> Session: Class initialized using 'CodeIgniter\Session\Handlers\FileHandler' driver.
INFO - 2024-12-04 17:53:35 --> Session: Class initialized using 'CodeIgniter\Session\Handlers\FileHandler' driver.
INFO - 2024-12-04 17:53:35 --> Session: Class initialized using 'CodeIgniter\Session\Handlers\FileHandler' driver.
INFO - 2024-12-04 17:53:36 --> Session: Class initialized using 'CodeIgniter\Session\Handlers\FileHandler' driver.
INFO - 2024-12-04 17:53:38 --> Session: Class initialized using 'CodeIgniter\Session\Handlers\FileHandler' driver.
INFO - 2024-12-04 17:53:41 --> Session: Class initialized using 'CodeIgniter\Session\Handlers\FileHandler' driver.
DEBUG - 2024-12-04 17:53:41 --> Datos recibidos en el método save: Array
(
    [id_producto] => 25
    [id] => 54
    [id_proveedor] => 10
    [referencia] => 
    [fecha_salida] => 2024-12-04
    [observaciones] => 
    [id_usuario] => 3
)

DEBUG - 2024-12-04 17:53:41 --> Pedido creado con ID: 129, id_producto: 25, id_producto_proveedor: 54
DEBUG - 2024-12-04 17:53:41 --> Línea de pedido creada para el pedido 129: Array
(
    [id_pedido] => 129
    [ref_producto] => 7755
    [precio_compra] => 0
    [n_piezas] => 1
    [total_linea] => 0
)

INFO - 2024-12-04 17:53:41 --> Session: Class initialized using 'CodeIgniter\Session\Handlers\FileHandler' driver.
INFO - 2024-12-04 17:53:47 --> Session: Class initialized using 'CodeIgniter\Session\Handlers\FileHandler' driver.
INFO - 2024-12-04 17:53:48 --> Session: Class initialized using 'CodeIgniter\Session\Handlers\FileHandler' driver.
INFO - 2024-12-04 17:53:52 --> Session: Class initialized using 'CodeIgniter\Session\Handlers\FileHandler' driver.
INFO - 2024-12-04 17:53:52 --> Session: Class initialized using 'CodeIgniter\Session\Handlers\FileHandler' driver.
INFO - 2024-12-04 17:54:01 --> Session: Class initialized using 'CodeIgniter\Session\Handlers\FileHandler' driver.
INFO - 2024-12-04 17:54:01 --> Session: Class initialized using 'CodeIgniter\Session\Handlers\FileHandler' driver.
INFO - 2024-12-04 17:54:05 --> Session: Class initialized using 'CodeIgniter\Session\Handlers\FileHandler' driver.
INFO - 2024-12-04 17:54:10 --> Session: Class initialized using 'CodeIgniter\Session\Handlers\FileHandler' driver.
INFO - 2024-12-04 17:54:56 --> Session: Class initialized using 'CodeIgniter\Session\Handlers\FileHandler' driver.
INFO - 2024-12-04 17:55:07 --> Session: Class initialized using 'CodeIgniter\Session\Handlers\FileHandler' driver.
INFO - 2024-12-04 17:55:07 --> Session: Class initialized using 'CodeIgniter\Session\Handlers\FileHandler' driver.
INFO - 2024-12-04 17:55:09 --> Session: Class initialized using 'CodeIgniter\Session\Handlers\FileHandler' driver.
INFO - 2024-12-04 17:55:17 --> Session: Class initialized using 'CodeIgniter\Session\Handlers\FileHandler' driver.
INFO - 2024-12-04 17:55:20 --> Session: Class initialized using 'CodeIgniter\Session\Handlers\FileHandler' driver.
INFO - 2024-12-04 17:55:45 --> Session: Class initialized using 'CodeIgniter\Session\Handlers\FileHandler' driver.
INFO - 2024-12-04 17:55:47 --> Session: Class initialized using 'CodeIgniter\Session\Handlers\FileHandler' driver.
INFO - 2024-12-04 17:55:50 --> Session: Class initialized using 'CodeIgniter\Session\Handlers\FileHandler' driver.
INFO - 2024-12-04 17:55:50 --> Session: Class initialized using 'CodeIgniter\Session\Handlers\FileHandler' driver.
INFO - 2024-12-04 17:55:52 --> Session: Class initialized using 'CodeIgniter\Session\Handlers\FileHandler' driver.
INFO - 2024-12-04 17:55:52 --> Session: Class initialized using 'CodeIgniter\Session\Handlers\FileHandler' driver.
INFO - 2024-12-04 17:55:56 --> Session: Class initialized using 'CodeIgniter\Session\Handlers\FileHandler' driver.
INFO - 2024-12-04 17:55:59 --> Session: Class initialized using 'CodeIgniter\Session\Handlers\FileHandler' driver.
INFO - 2024-12-04 17:56:01 --> Session: Class initialized using 'CodeIgniter\Session\Handlers\FileHandler' driver.
INFO - 2024-12-04 17:56:04 --> Session: Class initialized using 'CodeIgniter\Session\Handlers\FileHandler' driver.
INFO - 2024-12-04 17:56:11 --> Session: Class initialized using 'CodeIgniter\Session\Handlers\FileHandler' driver.
INFO - 2024-12-04 17:56:11 --> Session: Class initialized using 'CodeIgniter\Session\Handlers\FileHandler' driver.
INFO - 2024-12-04 17:56:11 --> Session: Class initialized using 'CodeIgniter\Session\Handlers\FileHandler' driver.
INFO - 2024-12-04 17:56:11 --> Session: Class initialized using 'CodeIgniter\Session\Handlers\FileHandler' driver.
INFO - 2024-12-04 17:56:17 --> Session: Class initialized using 'CodeIgniter\Session\Handlers\FileHandler' driver.
INFO - 2024-12-04 17:56:19 --> Session: Class initialized using 'CodeIgniter\Session\Handlers\FileHandler' driver.
INFO - 2024-12-04 17:56:19 --> Session: Class initialized using 'CodeIgniter\Session\Handlers\FileHandler' driver.
INFO - 2024-12-04 17:56:20 --> Session: Class initialized using 'CodeIgniter\Session\Handlers\FileHandler' driver.
INFO - 2024-12-04 17:56:22 --> Session: Class initialized using 'CodeIgniter\Session\Handlers\FileHandler' driver.
INFO - 2024-12-04 17:56:22 --> Session: Class initialized using 'CodeIgniter\Session\Handlers\FileHandler' driver.
INFO - 2024-12-04 17:56:22 --> Session: Class initialized using 'CodeIgniter\Session\Handlers\FileHandler' driver.
INFO - 2024-12-04 17:56:22 --> Session: Class initialized using 'CodeIgniter\Session\Handlers\FileHandler' driver.
INFO - 2024-12-04 17:56:26 --> Session: Class initialized using 'CodeIgniter\Session\Handlers\FileHandler' driver.
INFO - 2024-12-04 17:56:27 --> Session: Class initialized using 'CodeIgniter\Session\Handlers\FileHandler' driver.
INFO - 2024-12-04 17:56:30 --> Session: Class initialized using 'CodeIgniter\Session\Handlers\FileHandler' driver.
INFO - 2024-12-04 17:56:32 --> Session: Class initialized using 'CodeIgniter\Session\Handlers\FileHandler' driver.
INFO - 2024-12-04 17:56:34 --> Session: Class initialized using 'CodeIgniter\Session\Handlers\FileHandler' driver.
DEBUG - 2024-12-04 17:56:34 --> Datos recibidos en el método save: Array
(
    [id_producto] => 17
    [id] => 54
    [id_proveedor] => 14
    [referencia] => 
    [fecha_salida] => 2024-12-04
    [observaciones] => 
    [id_usuario] => 3
)

DEBUG - 2024-12-04 17:56:34 --> Pedido creado con ID: 31, id_producto: 17, id_producto_proveedor: 54
DEBUG - 2024-12-04 17:56:34 --> Línea de pedido creada para el pedido 31: Array
(
    [id_pedido] => 31
    [ref_producto] => 469
    [precio_compra] => 0.13
    [n_piezas] => 1
    [total_linea] => 0.13
)

INFO - 2024-12-04 17:56:34 --> Session: Class initialized using 'CodeIgniter\Session\Handlers\FileHandler' driver.
INFO - 2024-12-04 17:56:40 --> Session: Class initialized using 'CodeIgniter\Session\Handlers\FileHandler' driver.
INFO - 2024-12-04 17:56:45 --> Session: Class initialized using 'CodeIgniter\Session\Handlers\FileHandler' driver.
INFO - 2024-12-04 17:56:45 --> Session: Class initialized using 'CodeIgniter\Session\Handlers\FileHandler' driver.
INFO - 2024-12-04 17:56:48 --> Session: Class initialized using 'CodeIgniter\Session\Handlers\FileHandler' driver.
INFO - 2024-12-04 17:56:48 --> Session: Class initialized using 'CodeIgniter\Session\Handlers\FileHandler' driver.
INFO - 2024-12-04 17:56:48 --> Session: Class initialized using 'CodeIgniter\Session\Handlers\FileHandler' driver.
INFO - 2024-12-04 17:56:48 --> Session: Class initialized using 'CodeIgniter\Session\Handlers\FileHandler' driver.
INFO - 2024-12-04 17:56:48 --> Session: Class initialized using 'CodeIgniter\Session\Handlers\FileHandler' driver.
INFO - 2024-12-04 17:56:50 --> Session: Class initialized using 'CodeIgniter\Session\Handlers\FileHandler' driver.
INFO - 2024-12-04 17:56:56 --> Session: Class initialized using 'CodeIgniter\Session\Handlers\FileHandler' driver.
DEBUG - 2024-12-04 17:56:56 --> Datos recibidos en el método save: Array
(
    [id_proveedor] => 12
    [referencia] => 
    [fecha_salida] => 2024-12-04
    [observaciones] => 
    [id_usuario] => 3
)

DEBUG - 2024-12-04 17:56:56 --> Pedido creado con ID: 32, id_producto: , id_producto_proveedor: 
INFO - 2024-12-04 17:56:56 --> Session: Class initialized using 'CodeIgniter\Session\Handlers\FileHandler' driver.
INFO - 2024-12-04 17:56:59 --> Session: Class initialized using 'CodeIgniter\Session\Handlers\FileHandler' driver.
INFO - 2024-12-04 17:56:59 --> Session: Class initialized using 'CodeIgniter\Session\Handlers\FileHandler' driver.
INFO - 2024-12-04 17:57:03 --> Session: Class initialized using 'CodeIgniter\Session\Handlers\FileHandler' driver.
INFO - 2024-12-04 17:57:03 --> Session: Class initialized using 'CodeIgniter\Session\Handlers\FileHandler' driver.
INFO - 2024-12-04 17:57:09 --> Session: Class initialized using 'CodeIgniter\Session\Handlers\FileHandler' driver.
INFO - 2024-12-04 17:57:12 --> Session: Class initialized using 'CodeIgniter\Session\Handlers\FileHandler' driver.
INFO - 2024-12-04 17:57:12 --> Session: Class initialized using 'CodeIgniter\Session\Handlers\FileHandler' driver.
INFO - 2024-12-04 18:05:17 --> Session: Class initialized using 'CodeIgniter\Session\Handlers\FileHandler' driver.
