CRITICAL - 2024-09-12 09:25:39 --> ErrorException: Trying to access array offset on value of type null
[Method: GET, Route: procesos_pedidos/index]
in APPPATH/Controllers/Procesos_pedidos.php on line 68.
 1 APPPATH/Controllers/Procesos_pedidos.php(68): CodeIgniter\Debug\Exceptions->errorHandler(2, 'Trying to access array offset on value of type null', '/home/customer/www/showscreen.app/public_html/app/Controllers/Procesos_pedidos.php', 68)
 2 SYSTEMPATH/CodeIgniter.php(933): App\Controllers\Procesos_pedidos->index()
 3 SYSTEMPATH/CodeIgniter.php(509): CodeIgniter\CodeIgniter->runController(Object(App\Controllers\Procesos_pedidos))
 4 SYSTEMPATH/CodeIgniter.php(355): CodeIgniter\CodeIgniter->handleRequest(null, Object(Config\Cache), false)
 5 SYSTEMPATH/Boot.php(325): CodeIgniter\CodeIgniter->run()
 6 SYSTEMPATH/Boot.php(67): CodeIgniter\Boot::runCodeIgniter(Object(CodeIgniter\CodeIgniter))
 7 FCPATH/index.php(29): CodeIgniter\Boot::bootWeb(Object(Config\Paths))
CRITICAL - 2024-09-12 09:26:41 --> ErrorException: Trying to access array offset on value of type null
[Method: GET, Route: procesos_pedidos/index]
in APPPATH/Controllers/Procesos_pedidos.php on line 68.
 1 APPPATH/Controllers/Procesos_pedidos.php(68): CodeIgniter\Debug\Exceptions->errorHandler(2, 'Trying to access array offset on value of type null', '/home/customer/www/showscreen.app/public_html/app/Controllers/Procesos_pedidos.php', 68)
 2 SYSTEMPATH/CodeIgniter.php(933): App\Controllers\Procesos_pedidos->index()
 3 SYSTEMPATH/CodeIgniter.php(509): CodeIgniter\CodeIgniter->runController(Object(App\Controllers\Procesos_pedidos))
 4 SYSTEMPATH/CodeIgniter.php(355): CodeIgniter\CodeIgniter->handleRequest(null, Object(Config\Cache), false)
 5 SYSTEMPATH/Boot.php(325): CodeIgniter\CodeIgniter->run()
 6 SYSTEMPATH/Boot.php(67): CodeIgniter\Boot::runCodeIgniter(Object(CodeIgniter\CodeIgniter))
 7 FCPATH/index.php(29): CodeIgniter\Boot::bootWeb(Object(Config\Paths))
CRITICAL - 2024-09-12 09:26:48 --> ErrorException: Trying to access array offset on value of type null
[Method: GET, Route: procesos_pedidos/index]
in APPPATH/Controllers/Procesos_pedidos.php on line 68.
 1 APPPATH/Controllers/Procesos_pedidos.php(68): CodeIgniter\Debug\Exceptions->errorHandler(2, 'Trying to access array offset on value of type null', '/home/customer/www/showscreen.app/public_html/app/Controllers/Procesos_pedidos.php', 68)
 2 SYSTEMPATH/CodeIgniter.php(933): App\Controllers\Procesos_pedidos->index()
 3 SYSTEMPATH/CodeIgniter.php(509): CodeIgniter\CodeIgniter->runController(Object(App\Controllers\Procesos_pedidos))
 4 SYSTEMPATH/CodeIgniter.php(355): CodeIgniter\CodeIgniter->handleRequest(null, Object(Config\Cache), false)
 5 SYSTEMPATH/Boot.php(325): CodeIgniter\CodeIgniter->run()
 6 SYSTEMPATH/Boot.php(67): CodeIgniter\Boot::runCodeIgniter(Object(CodeIgniter\CodeIgniter))
 7 FCPATH/index.php(29): CodeIgniter\Boot::bootWeb(Object(Config\Paths))
CRITICAL - 2024-09-12 09:27:09 --> ErrorException: Trying to access array offset on value of type null
[Method: GET, Route: procesos_pedidos/index]
in APPPATH/Controllers/Procesos_pedidos.php on line 68.
 1 APPPATH/Controllers/Procesos_pedidos.php(68): CodeIgniter\Debug\Exceptions->errorHandler(2, 'Trying to access array offset on value of type null', '/home/customer/www/showscreen.app/public_html/app/Controllers/Procesos_pedidos.php', 68)
 2 SYSTEMPATH/CodeIgniter.php(933): App\Controllers\Procesos_pedidos->index()
 3 SYSTEMPATH/CodeIgniter.php(509): CodeIgniter\CodeIgniter->runController(Object(App\Controllers\Procesos_pedidos))
 4 SYSTEMPATH/CodeIgniter.php(355): CodeIgniter\CodeIgniter->handleRequest(null, Object(Config\Cache), false)
 5 SYSTEMPATH/Boot.php(325): CodeIgniter\CodeIgniter->run()
 6 SYSTEMPATH/Boot.php(67): CodeIgniter\Boot::runCodeIgniter(Object(CodeIgniter\CodeIgniter))
 7 FCPATH/index.php(29): CodeIgniter\Boot::bootWeb(Object(Config\Paths))
CRITICAL - 2024-09-12 09:48:08 --> Laminas\Db\Adapter\Exception\InvalidQueryException: Statement could not be executed (23000 - 1451 - Cannot delete or update a parent row: a foreign key constraint fails (`dbu9ueztsvezbh`.`procesos_pedidos`, CONSTRAINT `id_linea_pedido` FOREIGN KEY (`id_linea_pedido`) REFERENCES `linea_pedidos` (`id_lineapedido`) ON DELETE RESTRICT ON UPDATE RESTRICT))
[Method: POST, Route: Pedidos2/Linea_pedidos/16945]
in FCPATH/vendor/laminas/laminas-db/src/Adapter/Driver/Pdo/Statement.php on line 223.
 1 FCPATH/vendor/grocery-crud/enterprise/src/GroceryCrud/Core/Model.php(589): Laminas\Db\Adapter\Driver\Pdo\Statement->execute()
 2 FCPATH/vendor/grocery-crud/enterprise/src/GroceryCrud/Core/State/RemoveOneState.php(82): GroceryCrud\Core\Model->removeOne('43580')
 3 FCPATH/vendor/grocery-crud/enterprise/src/GroceryCrud/Core/State/StateAbstract.php(1159): GroceryCrud\Core\State\RemoveOneState->GroceryCrud\Core\State\{closure}(Object(stdClass))
 4 FCPATH/vendor/grocery-crud/enterprise/src/GroceryCrud/Core/State/StateAbstract.php(328): GroceryCrud\Core\State\StateAbstract->stateOperation(null, Object(stdClass), Object(Closure))
 5 FCPATH/vendor/grocery-crud/enterprise/src/GroceryCrud/Core/State/RemoveOneState.php(80): GroceryCrud\Core\State\StateAbstract->stateOperationWithCallbacks(Object(stdClass), 'Delete', Object(Closure))
 6 FCPATH/vendor/grocery-crud/enterprise/src/GroceryCrud/Core/GroceryCrud.php(2940): GroceryCrud\Core\State\RemoveOneState->render()
 7 APPPATH/Controllers/Pedidos2.php(399): GroceryCrud\Core\GroceryCrud->render()
 8 SYSTEMPATH/CodeIgniter.php(933): App\Controllers\Pedidos2->Linea_pedidos('16945')
 9 SYSTEMPATH/CodeIgniter.php(509): CodeIgniter\CodeIgniter->runController(Object(App\Controllers\Pedidos2))
10 SYSTEMPATH/CodeIgniter.php(355): CodeIgniter\CodeIgniter->handleRequest(null, Object(Config\Cache), false)
11 SYSTEMPATH/Boot.php(325): CodeIgniter\CodeIgniter->run()
12 SYSTEMPATH/Boot.php(67): CodeIgniter\Boot::runCodeIgniter(Object(CodeIgniter\CodeIgniter))
13 FCPATH/index.php(29): CodeIgniter\Boot::bootWeb(Object(Config\Paths))
CRITICAL - 2024-09-12 09:48:08 --> [Caused by] PDOException: SQLSTATE[23000]: Integrity constraint violation: 1451 Cannot delete or update a parent row: a foreign key constraint fails (`dbu9ueztsvezbh`.`procesos_pedidos`, CONSTRAINT `id_linea_pedido` FOREIGN KEY (`id_linea_pedido`) REFERENCES `linea_pedidos` (`id_lineapedido`) ON DELETE RESTRICT ON UPDATE RESTRICT)
in FCPATH/vendor/laminas/laminas-db/src/Adapter/Driver/Pdo/Statement.php on line 212.
 1 FCPATH/vendor/laminas/laminas-db/src/Adapter/Driver/Pdo/Statement.php(212): PDOStatement->execute()
 2 FCPATH/vendor/grocery-crud/enterprise/src/GroceryCrud/Core/Model.php(589): Laminas\Db\Adapter\Driver\Pdo\Statement->execute()
 3 FCPATH/vendor/grocery-crud/enterprise/src/GroceryCrud/Core/State/RemoveOneState.php(82): GroceryCrud\Core\Model->removeOne('43580')
 4 FCPATH/vendor/grocery-crud/enterprise/src/GroceryCrud/Core/State/StateAbstract.php(1159): GroceryCrud\Core\State\RemoveOneState->GroceryCrud\Core\State\{closure}(Object(stdClass))
 5 FCPATH/vendor/grocery-crud/enterprise/src/GroceryCrud/Core/State/StateAbstract.php(328): GroceryCrud\Core\State\StateAbstract->stateOperation(null, Object(stdClass), Object(Closure))
 6 FCPATH/vendor/grocery-crud/enterprise/src/GroceryCrud/Core/State/RemoveOneState.php(80): GroceryCrud\Core\State\StateAbstract->stateOperationWithCallbacks(Object(stdClass), 'Delete', Object(Closure))
 7 FCPATH/vendor/grocery-crud/enterprise/src/GroceryCrud/Core/GroceryCrud.php(2940): GroceryCrud\Core\State\RemoveOneState->render()
 8 APPPATH/Controllers/Pedidos2.php(399): GroceryCrud\Core\GroceryCrud->render()
 9 SYSTEMPATH/CodeIgniter.php(933): App\Controllers\Pedidos2->Linea_pedidos('16945')
10 SYSTEMPATH/CodeIgniter.php(509): CodeIgniter\CodeIgniter->runController(Object(App\Controllers\Pedidos2))
11 SYSTEMPATH/CodeIgniter.php(355): CodeIgniter\CodeIgniter->handleRequest(null, Object(Config\Cache), false)
12 SYSTEMPATH/Boot.php(325): CodeIgniter\CodeIgniter->run()
13 SYSTEMPATH/Boot.php(67): CodeIgniter\Boot::runCodeIgniter(Object(CodeIgniter\CodeIgniter))
14 FCPATH/index.php(29): CodeIgniter\Boot::bootWeb(Object(Config\Paths))
CRITICAL - 2024-09-12 09:49:57 --> ErrorException: Undefined array key "estado"
[Method: POST, Route: Pedidos2/Linea_pedidos/16950]
in APPPATH/Controllers/Pedidos2.php on line 392.
 1 APPPATH/Controllers/Pedidos2.php(392): CodeIgniter\Debug\Exceptions->errorHandler(2, 'Undefined array key "estado"', '/home/customer/www/showscreen.app/public_html/app/Controllers/Pedidos2.php', 392)
 2 FCPATH/vendor/grocery-crud/enterprise/src/GroceryCrud/Core/State/StateAbstract.php(1169): App\Controllers\Pedidos2->App\Controllers\{closure}(Object(stdClass))
 3 FCPATH/vendor/grocery-crud/enterprise/src/GroceryCrud/Core/State/StateAbstract.php(333): GroceryCrud\Core\State\StateAbstract->afterStateOperation(Object(Closure), Object(stdClass))
 4 FCPATH/vendor/grocery-crud/enterprise/src/GroceryCrud/Core/State/InsertState.php(92): GroceryCrud\Core\State\StateAbstract->stateOperationWithCallbacks(Object(stdClass), 'Insert', Object(Closure))
 5 FCPATH/vendor/grocery-crud/enterprise/src/GroceryCrud/Core/GroceryCrud.php(2940): GroceryCrud\Core\State\InsertState->render()
 6 APPPATH/Controllers/Pedidos2.php(399): GroceryCrud\Core\GroceryCrud->render()
 7 SYSTEMPATH/CodeIgniter.php(933): App\Controllers\Pedidos2->Linea_pedidos('16950')
 8 SYSTEMPATH/CodeIgniter.php(509): CodeIgniter\CodeIgniter->runController(Object(App\Controllers\Pedidos2))
 9 SYSTEMPATH/CodeIgniter.php(355): CodeIgniter\CodeIgniter->handleRequest(null, Object(Config\Cache), false)
10 SYSTEMPATH/Boot.php(325): CodeIgniter\CodeIgniter->run()
11 SYSTEMPATH/Boot.php(67): CodeIgniter\Boot::runCodeIgniter(Object(CodeIgniter\CodeIgniter))
12 FCPATH/index.php(29): CodeIgniter\Boot::bootWeb(Object(Config\Paths))
CRITICAL - 2024-09-12 09:50:06 --> ErrorException: Undefined array key "estado"
[Method: POST, Route: Pedidos2/Linea_pedidos/16950]
in APPPATH/Controllers/Pedidos2.php on line 392.
 1 APPPATH/Controllers/Pedidos2.php(392): CodeIgniter\Debug\Exceptions->errorHandler(2, 'Undefined array key "estado"', '/home/customer/www/showscreen.app/public_html/app/Controllers/Pedidos2.php', 392)
 2 FCPATH/vendor/grocery-crud/enterprise/src/GroceryCrud/Core/State/StateAbstract.php(1169): App\Controllers\Pedidos2->App\Controllers\{closure}(Object(stdClass))
 3 FCPATH/vendor/grocery-crud/enterprise/src/GroceryCrud/Core/State/StateAbstract.php(333): GroceryCrud\Core\State\StateAbstract->afterStateOperation(Object(Closure), Object(stdClass))
 4 FCPATH/vendor/grocery-crud/enterprise/src/GroceryCrud/Core/State/InsertState.php(92): GroceryCrud\Core\State\StateAbstract->stateOperationWithCallbacks(Object(stdClass), 'Insert', Object(Closure))
 5 FCPATH/vendor/grocery-crud/enterprise/src/GroceryCrud/Core/GroceryCrud.php(2940): GroceryCrud\Core\State\InsertState->render()
 6 APPPATH/Controllers/Pedidos2.php(399): GroceryCrud\Core\GroceryCrud->render()
 7 SYSTEMPATH/CodeIgniter.php(933): App\Controllers\Pedidos2->Linea_pedidos('16950')
 8 SYSTEMPATH/CodeIgniter.php(509): CodeIgniter\CodeIgniter->runController(Object(App\Controllers\Pedidos2))
 9 SYSTEMPATH/CodeIgniter.php(355): CodeIgniter\CodeIgniter->handleRequest(null, Object(Config\Cache), false)
10 SYSTEMPATH/Boot.php(325): CodeIgniter\CodeIgniter->run()
11 SYSTEMPATH/Boot.php(67): CodeIgniter\Boot::runCodeIgniter(Object(CodeIgniter\CodeIgniter))
12 FCPATH/index.php(29): CodeIgniter\Boot::bootWeb(Object(Config\Paths))
CRITICAL - 2024-09-12 09:51:40 --> ErrorException: Trying to access array offset on value of type null
[Method: POST, Route: procesos_pedidos/actualizarEstadoProcesos]
in APPPATH/Controllers/Procesos_pedidos.php on line 149.
 1 APPPATH/Controllers/Procesos_pedidos.php(149): CodeIgniter\Debug\Exceptions->errorHandler(2, 'Trying to access array offset on value of type null', '/home/customer/www/showscreen.app/public_html/app/Controllers/Procesos_pedidos.php', 149)
 2 SYSTEMPATH/CodeIgniter.php(933): App\Controllers\Procesos_pedidos->actualizarEstadoProcesos()
 3 SYSTEMPATH/CodeIgniter.php(509): CodeIgniter\CodeIgniter->runController(Object(App\Controllers\Procesos_pedidos))
 4 SYSTEMPATH/CodeIgniter.php(355): CodeIgniter\CodeIgniter->handleRequest(null, Object(Config\Cache), false)
 5 SYSTEMPATH/Boot.php(325): CodeIgniter\CodeIgniter->run()
 6 SYSTEMPATH/Boot.php(67): CodeIgniter\Boot::runCodeIgniter(Object(CodeIgniter\CodeIgniter))
 7 FCPATH/index.php(29): CodeIgniter\Boot::bootWeb(Object(Config\Paths))
CRITICAL - 2024-09-12 09:51:40 --> ErrorException: Trying to access array offset on value of type null
[Method: POST, Route: procesos_pedidos/actualizarEstadoProcesos]
in APPPATH/Controllers/Procesos_pedidos.php on line 149.
 1 APPPATH/Controllers/Procesos_pedidos.php(149): CodeIgniter\Debug\Exceptions->errorHandler(2, 'Trying to access array offset on value of type null', '/home/customer/www/showscreen.app/public_html/app/Controllers/Procesos_pedidos.php', 149)
 2 SYSTEMPATH/CodeIgniter.php(933): App\Controllers\Procesos_pedidos->actualizarEstadoProcesos()
 3 SYSTEMPATH/CodeIgniter.php(509): CodeIgniter\CodeIgniter->runController(Object(App\Controllers\Procesos_pedidos))
 4 SYSTEMPATH/CodeIgniter.php(355): CodeIgniter\CodeIgniter->handleRequest(null, Object(Config\Cache), false)
 5 SYSTEMPATH/Boot.php(325): CodeIgniter\CodeIgniter->run()
 6 SYSTEMPATH/Boot.php(67): CodeIgniter\Boot::runCodeIgniter(Object(CodeIgniter\CodeIgniter))
 7 FCPATH/index.php(29): CodeIgniter\Boot::bootWeb(Object(Config\Paths))
CRITICAL - 2024-09-12 13:15:20 --> Laminas\Db\Adapter\Exception\InvalidQueryException: Statement could not be executed (23000 - 1062 - Duplicate entry '0' for key 'pedidos.PRIMARY')
[Method: POST, Route: pedidos2]
in FCPATH/vendor/laminas/laminas-db/src/Adapter/Driver/Pdo/Statement.php on line 223.
 1 FCPATH/vendor/grocery-crud/enterprise/src/GroceryCrud/Core/Model.php(571): Laminas\Db\Adapter\Driver\Pdo\Statement->execute()
 2 FCPATH/vendor/grocery-crud/enterprise/src/GroceryCrud/Core/State/UpdateState.php(107): GroceryCrud\Core\Model->update('16961', [...])
 3 FCPATH/vendor/grocery-crud/enterprise/src/GroceryCrud/Core/State/StateAbstract.php(1159): GroceryCrud\Core\State\UpdateState->GroceryCrud\Core\State\{closure}(Object(stdClass))
 4 FCPATH/vendor/grocery-crud/enterprise/src/GroceryCrud/Core/State/StateAbstract.php(328): GroceryCrud\Core\State\StateAbstract->stateOperation(null, Object(stdClass), Object(Closure))
 5 FCPATH/vendor/grocery-crud/enterprise/src/GroceryCrud/Core/State/UpdateState.php(101): GroceryCrud\Core\State\StateAbstract->stateOperationWithCallbacks(Object(stdClass), 'Update', Object(Closure))
 6 FCPATH/vendor/grocery-crud/enterprise/src/GroceryCrud/Core/GroceryCrud.php(2940): GroceryCrud\Core\State\UpdateState->render()
 7 APPPATH/Controllers/Pedidos2.php(182): GroceryCrud\Core\GroceryCrud->render()
 8 APPPATH/Controllers/Pedidos2.php(19): App\Controllers\Pedidos2->todos('estado!=', '8')
 9 SYSTEMPATH/CodeIgniter.php(933): App\Controllers\Pedidos2->index()
10 SYSTEMPATH/CodeIgniter.php(509): CodeIgniter\CodeIgniter->runController(Object(App\Controllers\Pedidos2))
11 SYSTEMPATH/CodeIgniter.php(355): CodeIgniter\CodeIgniter->handleRequest(null, Object(Config\Cache), false)
12 SYSTEMPATH/Boot.php(325): CodeIgniter\CodeIgniter->run()
13 SYSTEMPATH/Boot.php(67): CodeIgniter\Boot::runCodeIgniter(Object(CodeIgniter\CodeIgniter))
14 FCPATH/index.php(29): CodeIgniter\Boot::bootWeb(Object(Config\Paths))
CRITICAL - 2024-09-12 13:15:20 --> [Caused by] PDOException: SQLSTATE[23000]: Integrity constraint violation: 1062 Duplicate entry '0' for key 'pedidos.PRIMARY'
in FCPATH/vendor/laminas/laminas-db/src/Adapter/Driver/Pdo/Statement.php on line 212.
 1 FCPATH/vendor/laminas/laminas-db/src/Adapter/Driver/Pdo/Statement.php(212): PDOStatement->execute()
 2 FCPATH/vendor/grocery-crud/enterprise/src/GroceryCrud/Core/Model.php(571): Laminas\Db\Adapter\Driver\Pdo\Statement->execute()
 3 FCPATH/vendor/grocery-crud/enterprise/src/GroceryCrud/Core/State/UpdateState.php(107): GroceryCrud\Core\Model->update('16961', [...])
 4 FCPATH/vendor/grocery-crud/enterprise/src/GroceryCrud/Core/State/StateAbstract.php(1159): GroceryCrud\Core\State\UpdateState->GroceryCrud\Core\State\{closure}(Object(stdClass))
 5 FCPATH/vendor/grocery-crud/enterprise/src/GroceryCrud/Core/State/StateAbstract.php(328): GroceryCrud\Core\State\StateAbstract->stateOperation(null, Object(stdClass), Object(Closure))
 6 FCPATH/vendor/grocery-crud/enterprise/src/GroceryCrud/Core/State/UpdateState.php(101): GroceryCrud\Core\State\StateAbstract->stateOperationWithCallbacks(Object(stdClass), 'Update', Object(Closure))
 7 FCPATH/vendor/grocery-crud/enterprise/src/GroceryCrud/Core/GroceryCrud.php(2940): GroceryCrud\Core\State\UpdateState->render()
 8 APPPATH/Controllers/Pedidos2.php(182): GroceryCrud\Core\GroceryCrud->render()
 9 APPPATH/Controllers/Pedidos2.php(19): App\Controllers\Pedidos2->todos('estado!=', '8')
10 SYSTEMPATH/CodeIgniter.php(933): App\Controllers\Pedidos2->index()
11 SYSTEMPATH/CodeIgniter.php(509): CodeIgniter\CodeIgniter->runController(Object(App\Controllers\Pedidos2))
12 SYSTEMPATH/CodeIgniter.php(355): CodeIgniter\CodeIgniter->handleRequest(null, Object(Config\Cache), false)
13 SYSTEMPATH/Boot.php(325): CodeIgniter\CodeIgniter->run()
14 SYSTEMPATH/Boot.php(67): CodeIgniter\Boot::runCodeIgniter(Object(CodeIgniter\CodeIgniter))
15 FCPATH/index.php(29): CodeIgniter\Boot::bootWeb(Object(Config\Paths))
CRITICAL - 2024-09-12 13:15:29 --> Laminas\Db\Adapter\Exception\InvalidQueryException: Statement could not be executed (23000 - 1062 - Duplicate entry '0' for key 'pedidos.PRIMARY')
[Method: POST, Route: pedidos2]
in FCPATH/vendor/laminas/laminas-db/src/Adapter/Driver/Pdo/Statement.php on line 223.
 1 FCPATH/vendor/grocery-crud/enterprise/src/GroceryCrud/Core/Model.php(571): Laminas\Db\Adapter\Driver\Pdo\Statement->execute()
 2 FCPATH/vendor/grocery-crud/enterprise/src/GroceryCrud/Core/State/UpdateState.php(107): GroceryCrud\Core\Model->update('16961', [...])
 3 FCPATH/vendor/grocery-crud/enterprise/src/GroceryCrud/Core/State/StateAbstract.php(1159): GroceryCrud\Core\State\UpdateState->GroceryCrud\Core\State\{closure}(Object(stdClass))
 4 FCPATH/vendor/grocery-crud/enterprise/src/GroceryCrud/Core/State/StateAbstract.php(328): GroceryCrud\Core\State\StateAbstract->stateOperation(null, Object(stdClass), Object(Closure))
 5 FCPATH/vendor/grocery-crud/enterprise/src/GroceryCrud/Core/State/UpdateState.php(101): GroceryCrud\Core\State\StateAbstract->stateOperationWithCallbacks(Object(stdClass), 'Update', Object(Closure))
 6 FCPATH/vendor/grocery-crud/enterprise/src/GroceryCrud/Core/GroceryCrud.php(2940): GroceryCrud\Core\State\UpdateState->render()
 7 APPPATH/Controllers/Pedidos2.php(182): GroceryCrud\Core\GroceryCrud->render()
 8 APPPATH/Controllers/Pedidos2.php(19): App\Controllers\Pedidos2->todos('estado!=', '8')
 9 SYSTEMPATH/CodeIgniter.php(933): App\Controllers\Pedidos2->index()
10 SYSTEMPATH/CodeIgniter.php(509): CodeIgniter\CodeIgniter->runController(Object(App\Controllers\Pedidos2))
11 SYSTEMPATH/CodeIgniter.php(355): CodeIgniter\CodeIgniter->handleRequest(null, Object(Config\Cache), false)
12 SYSTEMPATH/Boot.php(325): CodeIgniter\CodeIgniter->run()
13 SYSTEMPATH/Boot.php(67): CodeIgniter\Boot::runCodeIgniter(Object(CodeIgniter\CodeIgniter))
14 FCPATH/index.php(29): CodeIgniter\Boot::bootWeb(Object(Config\Paths))
CRITICAL - 2024-09-12 13:15:29 --> [Caused by] PDOException: SQLSTATE[23000]: Integrity constraint violation: 1062 Duplicate entry '0' for key 'pedidos.PRIMARY'
in FCPATH/vendor/laminas/laminas-db/src/Adapter/Driver/Pdo/Statement.php on line 212.
 1 FCPATH/vendor/laminas/laminas-db/src/Adapter/Driver/Pdo/Statement.php(212): PDOStatement->execute()
 2 FCPATH/vendor/grocery-crud/enterprise/src/GroceryCrud/Core/Model.php(571): Laminas\Db\Adapter\Driver\Pdo\Statement->execute()
 3 FCPATH/vendor/grocery-crud/enterprise/src/GroceryCrud/Core/State/UpdateState.php(107): GroceryCrud\Core\Model->update('16961', [...])
 4 FCPATH/vendor/grocery-crud/enterprise/src/GroceryCrud/Core/State/StateAbstract.php(1159): GroceryCrud\Core\State\UpdateState->GroceryCrud\Core\State\{closure}(Object(stdClass))
 5 FCPATH/vendor/grocery-crud/enterprise/src/GroceryCrud/Core/State/StateAbstract.php(328): GroceryCrud\Core\State\StateAbstract->stateOperation(null, Object(stdClass), Object(Closure))
 6 FCPATH/vendor/grocery-crud/enterprise/src/GroceryCrud/Core/State/UpdateState.php(101): GroceryCrud\Core\State\StateAbstract->stateOperationWithCallbacks(Object(stdClass), 'Update', Object(Closure))
 7 FCPATH/vendor/grocery-crud/enterprise/src/GroceryCrud/Core/GroceryCrud.php(2940): GroceryCrud\Core\State\UpdateState->render()
 8 APPPATH/Controllers/Pedidos2.php(182): GroceryCrud\Core\GroceryCrud->render()
 9 APPPATH/Controllers/Pedidos2.php(19): App\Controllers\Pedidos2->todos('estado!=', '8')
10 SYSTEMPATH/CodeIgniter.php(933): App\Controllers\Pedidos2->index()
11 SYSTEMPATH/CodeIgniter.php(509): CodeIgniter\CodeIgniter->runController(Object(App\Controllers\Pedidos2))
12 SYSTEMPATH/CodeIgniter.php(355): CodeIgniter\CodeIgniter->handleRequest(null, Object(Config\Cache), false)
13 SYSTEMPATH/Boot.php(325): CodeIgniter\CodeIgniter->run()
14 SYSTEMPATH/Boot.php(67): CodeIgniter\Boot::runCodeIgniter(Object(CodeIgniter\CodeIgniter))
15 FCPATH/index.php(29): CodeIgniter\Boot::bootWeb(Object(Config\Paths))
CRITICAL - 2024-09-12 16:09:40 --> GuzzleHttp\Exception\ClientException: Client error: `POST https://oauth2.googleapis.com/token` resulted in a `400 Bad Request` response:
{
  "error": "invalid_grant",
  "error_description": "Bad Request"
}

[Method: GET, Route: google_login]
in FCPATH/vendor/guzzlehttp/guzzle/src/Exception/RequestException.php on line 113.
 1 FCPATH/vendor/guzzlehttp/guzzle/src/Middleware.php(72): GuzzleHttp\Exception\RequestException::create(Object(GuzzleHttp\Psr7\Request), Object(GuzzleHttp\Psr7\Response), null, [], null)
 2 FCPATH/vendor/guzzlehttp/promises/src/Promise.php(209): GuzzleHttp\Middleware::GuzzleHttp\{closure}(Object(GuzzleHttp\Psr7\Response))
 3 FCPATH/vendor/guzzlehttp/promises/src/Promise.php(158): GuzzleHttp\Promise\Promise::callHandler(1, Object(GuzzleHttp\Psr7\Response), null)
 4 FCPATH/vendor/guzzlehttp/promises/src/TaskQueue.php(52): GuzzleHttp\Promise\Promise::GuzzleHttp\Promise\{closure}()
 5 FCPATH/vendor/guzzlehttp/promises/src/Promise.php(251): GuzzleHttp\Promise\TaskQueue->run(true)
 6 FCPATH/vendor/guzzlehttp/promises/src/Promise.php(227): GuzzleHttp\Promise\Promise->invokeWaitFn()
 7 FCPATH/vendor/guzzlehttp/promises/src/Promise.php(272): GuzzleHttp\Promise\Promise->waitIfPending()
 8 FCPATH/vendor/guzzlehttp/promises/src/Promise.php(229): GuzzleHttp\Promise\Promise->invokeWaitList()
 9 FCPATH/vendor/guzzlehttp/promises/src/Promise.php(69): GuzzleHttp\Promise\Promise->waitIfPending()
10 FCPATH/vendor/guzzlehttp/guzzle/src/Client.php(124): GuzzleHttp\Promise\Promise->wait()
11 FCPATH/vendor/google/auth/src/HttpHandler/Guzzle6HttpHandler.php(47): GuzzleHttp\Client->send(Object(GuzzleHttp\Psr7\Request), [...])
12 FCPATH/vendor/google/auth/src/OAuth2.php(675): Google\Auth\HttpHandler\Guzzle6HttpHandler->__invoke(Object(GuzzleHttp\Psr7\Request))
13 FCPATH/vendor/google/apiclient/src/Client.php(292): Google\Auth\OAuth2->fetchAuthToken(Object(Google\Auth\HttpHandler\Guzzle7HttpHandler))
14 APPPATH/Controllers/Login.php(29): Google\Client->fetchAccessTokenWithAuthCode('4/0AQlEd8yRgugVRJf69au3GVbBhpqy1rA7wVGWeQRn0N5S1xh4aAb54TUdikvBVAEXYUSxgg')
15 SYSTEMPATH/CodeIgniter.php(933): App\Controllers\Login->google_login()
16 SYSTEMPATH/CodeIgniter.php(509): CodeIgniter\CodeIgniter->runController(Object(App\Controllers\Login))
17 SYSTEMPATH/CodeIgniter.php(355): CodeIgniter\CodeIgniter->handleRequest(null, Object(Config\Cache), false)
18 SYSTEMPATH/Boot.php(325): CodeIgniter\CodeIgniter->run()
19 SYSTEMPATH/Boot.php(67): CodeIgniter\Boot::runCodeIgniter(Object(CodeIgniter\CodeIgniter))
20 FCPATH/index.php(29): CodeIgniter\Boot::bootWeb(Object(Config\Paths))
