CRITICAL - 2024-09-11 09:39:09 --> ErrorException: Attempt to read property "nombre_producto" on null
[Method: POST, Route: productos/verProcesos/updateOrder]
in APPPATH/Views/procesos_view.php on line 176.
 1 APPPATH/Views/procesos_view.php(176): CodeIgniter\Debug\Exceptions->errorHandler(2, 'Attempt to read property "nombre_producto" on null', '/home/customer/www/showscreen.app/public_html/app/Views/procesos_view.php', 176)
 2 SYSTEMPATH/View/View.php(234): include('/home/customer/www/showscreen.app/public_html/app/Views/procesos_view.php')
 3 SYSTEMPATH/View/View.php(237): CodeIgniter\View\View->CodeIgniter\View\{closure}()
 4 SYSTEMPATH/Common.php(1171): CodeIgniter\View\View->render('procesos_view', [], true)
 5 APPPATH/Controllers/Productos.php(179): view('procesos_view', [...])
 6 SYSTEMPATH/CodeIgniter.php(933): App\Controllers\Productos->verProcesos('updateOrder')
 7 SYSTEMPATH/CodeIgniter.php(509): CodeIgniter\CodeIgniter->runController(Object(App\Controllers\Productos))
 8 SYSTEMPATH/CodeIgniter.php(355): CodeIgniter\CodeIgniter->handleRequest(null, Object(Config\Cache), false)
 9 SYSTEMPATH/Boot.php(325): CodeIgniter\CodeIgniter->run()
10 SYSTEMPATH/Boot.php(67): CodeIgniter\Boot::runCodeIgniter(Object(CodeIgniter\CodeIgniter))
11 FCPATH/index.php(29): CodeIgniter\Boot::bootWeb(Object(Config\Paths))
CRITICAL - 2024-09-11 09:39:13 --> ErrorException: Attempt to read property "nombre_producto" on null
[Method: POST, Route: productos/verProcesos/updateOrder]
in APPPATH/Views/procesos_view.php on line 176.
 1 APPPATH/Views/procesos_view.php(176): CodeIgniter\Debug\Exceptions->errorHandler(2, 'Attempt to read property "nombre_producto" on null', '/home/customer/www/showscreen.app/public_html/app/Views/procesos_view.php', 176)
 2 SYSTEMPATH/View/View.php(234): include('/home/customer/www/showscreen.app/public_html/app/Views/procesos_view.php')
 3 SYSTEMPATH/View/View.php(237): CodeIgniter\View\View->CodeIgniter\View\{closure}()
 4 SYSTEMPATH/Common.php(1171): CodeIgniter\View\View->render('procesos_view', [], true)
 5 APPPATH/Controllers/Productos.php(179): view('procesos_view', [...])
 6 SYSTEMPATH/CodeIgniter.php(933): App\Controllers\Productos->verProcesos('updateOrder')
 7 SYSTEMPATH/CodeIgniter.php(509): CodeIgniter\CodeIgniter->runController(Object(App\Controllers\Productos))
 8 SYSTEMPATH/CodeIgniter.php(355): CodeIgniter\CodeIgniter->handleRequest(null, Object(Config\Cache), false)
 9 SYSTEMPATH/Boot.php(325): CodeIgniter\CodeIgniter->run()
10 SYSTEMPATH/Boot.php(67): CodeIgniter\Boot::runCodeIgniter(Object(CodeIgniter\CodeIgniter))
11 FCPATH/index.php(29): CodeIgniter\Boot::bootWeb(Object(Config\Paths))
CRITICAL - 2024-09-11 09:39:17 --> ErrorException: Attempt to read property "nombre_producto" on null
[Method: POST, Route: productos/verProcesos/updateOrder]
in APPPATH/Views/procesos_view.php on line 176.
 1 APPPATH/Views/procesos_view.php(176): CodeIgniter\Debug\Exceptions->errorHandler(2, 'Attempt to read property "nombre_producto" on null', '/home/customer/www/showscreen.app/public_html/app/Views/procesos_view.php', 176)
 2 SYSTEMPATH/View/View.php(234): include('/home/customer/www/showscreen.app/public_html/app/Views/procesos_view.php')
 3 SYSTEMPATH/View/View.php(237): CodeIgniter\View\View->CodeIgniter\View\{closure}()
 4 SYSTEMPATH/Common.php(1171): CodeIgniter\View\View->render('procesos_view', [], true)
 5 APPPATH/Controllers/Productos.php(179): view('procesos_view', [...])
 6 SYSTEMPATH/CodeIgniter.php(933): App\Controllers\Productos->verProcesos('updateOrder')
 7 SYSTEMPATH/CodeIgniter.php(509): CodeIgniter\CodeIgniter->runController(Object(App\Controllers\Productos))
 8 SYSTEMPATH/CodeIgniter.php(355): CodeIgniter\CodeIgniter->handleRequest(null, Object(Config\Cache), false)
 9 SYSTEMPATH/Boot.php(325): CodeIgniter\CodeIgniter->run()
10 SYSTEMPATH/Boot.php(67): CodeIgniter\Boot::runCodeIgniter(Object(CodeIgniter\CodeIgniter))
11 FCPATH/index.php(29): CodeIgniter\Boot::bootWeb(Object(Config\Paths))
CRITICAL - 2024-09-11 11:20:16 --> ErrorException: Attempt to read property "nombre_producto" on null
[Method: POST, Route: productos/verProcesos/updateOrder]
in APPPATH/Views/procesos_view.php on line 176.
 1 APPPATH/Views/procesos_view.php(176): CodeIgniter\Debug\Exceptions->errorHandler(2, 'Attempt to read property "nombre_producto" on null', '/home/customer/www/showscreen.app/public_html/app/Views/procesos_view.php', 176)
 2 SYSTEMPATH/View/View.php(234): include('/home/customer/www/showscreen.app/public_html/app/Views/procesos_view.php')
 3 SYSTEMPATH/View/View.php(237): CodeIgniter\View\View->CodeIgniter\View\{closure}()
 4 SYSTEMPATH/Common.php(1171): CodeIgniter\View\View->render('procesos_view', [], true)
 5 APPPATH/Controllers/Productos.php(179): view('procesos_view', [...])
 6 SYSTEMPATH/CodeIgniter.php(933): App\Controllers\Productos->verProcesos('updateOrder')
 7 SYSTEMPATH/CodeIgniter.php(509): CodeIgniter\CodeIgniter->runController(Object(App\Controllers\Productos))
 8 SYSTEMPATH/CodeIgniter.php(355): CodeIgniter\CodeIgniter->handleRequest(null, Object(Config\Cache), false)
 9 SYSTEMPATH/Boot.php(325): CodeIgniter\CodeIgniter->run()
10 SYSTEMPATH/Boot.php(67): CodeIgniter\Boot::runCodeIgniter(Object(CodeIgniter\CodeIgniter))
11 FCPATH/index.php(29): CodeIgniter\Boot::bootWeb(Object(Config\Paths))
CRITICAL - 2024-09-11 11:21:30 --> ErrorException: Attempt to read property "nombre_producto" on null
[Method: POST, Route: productos/verProcesos/updateOrder]
in APPPATH/Views/procesos_view.php on line 176.
 1 APPPATH/Views/procesos_view.php(176): CodeIgniter\Debug\Exceptions->errorHandler(2, 'Attempt to read property "nombre_producto" on null', '/home/customer/www/showscreen.app/public_html/app/Views/procesos_view.php', 176)
 2 SYSTEMPATH/View/View.php(234): include('/home/customer/www/showscreen.app/public_html/app/Views/procesos_view.php')
 3 SYSTEMPATH/View/View.php(237): CodeIgniter\View\View->CodeIgniter\View\{closure}()
 4 SYSTEMPATH/Common.php(1171): CodeIgniter\View\View->render('procesos_view', [], true)
 5 APPPATH/Controllers/Productos.php(179): view('procesos_view', [...])
 6 SYSTEMPATH/CodeIgniter.php(933): App\Controllers\Productos->verProcesos('updateOrder')
 7 SYSTEMPATH/CodeIgniter.php(509): CodeIgniter\CodeIgniter->runController(Object(App\Controllers\Productos))
 8 SYSTEMPATH/CodeIgniter.php(355): CodeIgniter\CodeIgniter->handleRequest(null, Object(Config\Cache), false)
 9 SYSTEMPATH/Boot.php(325): CodeIgniter\CodeIgniter->run()
10 SYSTEMPATH/Boot.php(67): CodeIgniter\Boot::runCodeIgniter(Object(CodeIgniter\CodeIgniter))
11 FCPATH/index.php(29): CodeIgniter\Boot::bootWeb(Object(Config\Paths))
CRITICAL - 2024-09-11 11:21:48 --> ErrorException: Attempt to read property "nombre_producto" on null
[Method: POST, Route: productos/verProcesos/updateOrder]
in APPPATH/Views/procesos_view.php on line 176.
 1 APPPATH/Views/procesos_view.php(176): CodeIgniter\Debug\Exceptions->errorHandler(2, 'Attempt to read property "nombre_producto" on null', '/home/customer/www/showscreen.app/public_html/app/Views/procesos_view.php', 176)
 2 SYSTEMPATH/View/View.php(234): include('/home/customer/www/showscreen.app/public_html/app/Views/procesos_view.php')
 3 SYSTEMPATH/View/View.php(237): CodeIgniter\View\View->CodeIgniter\View\{closure}()
 4 SYSTEMPATH/Common.php(1171): CodeIgniter\View\View->render('procesos_view', [], true)
 5 APPPATH/Controllers/Productos.php(179): view('procesos_view', [...])
 6 SYSTEMPATH/CodeIgniter.php(933): App\Controllers\Productos->verProcesos('updateOrder')
 7 SYSTEMPATH/CodeIgniter.php(509): CodeIgniter\CodeIgniter->runController(Object(App\Controllers\Productos))
 8 SYSTEMPATH/CodeIgniter.php(355): CodeIgniter\CodeIgniter->handleRequest(null, Object(Config\Cache), false)
 9 SYSTEMPATH/Boot.php(325): CodeIgniter\CodeIgniter->run()
10 SYSTEMPATH/Boot.php(67): CodeIgniter\Boot::runCodeIgniter(Object(CodeIgniter\CodeIgniter))
11 FCPATH/index.php(29): CodeIgniter\Boot::bootWeb(Object(Config\Paths))
CRITICAL - 2024-09-11 11:21:52 --> ErrorException: Attempt to read property "nombre_producto" on null
[Method: POST, Route: productos/verProcesos/updateOrder]
in APPPATH/Views/procesos_view.php on line 176.
 1 APPPATH/Views/procesos_view.php(176): CodeIgniter\Debug\Exceptions->errorHandler(2, 'Attempt to read property "nombre_producto" on null', '/home/customer/www/showscreen.app/public_html/app/Views/procesos_view.php', 176)
 2 SYSTEMPATH/View/View.php(234): include('/home/customer/www/showscreen.app/public_html/app/Views/procesos_view.php')
 3 SYSTEMPATH/View/View.php(237): CodeIgniter\View\View->CodeIgniter\View\{closure}()
 4 SYSTEMPATH/Common.php(1171): CodeIgniter\View\View->render('procesos_view', [], true)
 5 APPPATH/Controllers/Productos.php(179): view('procesos_view', [...])
 6 SYSTEMPATH/CodeIgniter.php(933): App\Controllers\Productos->verProcesos('updateOrder')
 7 SYSTEMPATH/CodeIgniter.php(509): CodeIgniter\CodeIgniter->runController(Object(App\Controllers\Productos))
 8 SYSTEMPATH/CodeIgniter.php(355): CodeIgniter\CodeIgniter->handleRequest(null, Object(Config\Cache), false)
 9 SYSTEMPATH/Boot.php(325): CodeIgniter\CodeIgniter->run()
10 SYSTEMPATH/Boot.php(67): CodeIgniter\Boot::runCodeIgniter(Object(CodeIgniter\CodeIgniter))
11 FCPATH/index.php(29): CodeIgniter\Boot::bootWeb(Object(Config\Paths))
CRITICAL - 2024-09-11 11:23:45 --> ErrorException: Attempt to read property "nombre_producto" on null
[Method: POST, Route: productos/verProcesos/updateOrder]
in APPPATH/Views/procesos_view.php on line 176.
 1 APPPATH/Views/procesos_view.php(176): CodeIgniter\Debug\Exceptions->errorHandler(2, 'Attempt to read property "nombre_producto" on null', '/home/customer/www/showscreen.app/public_html/app/Views/procesos_view.php', 176)
 2 SYSTEMPATH/View/View.php(234): include('/home/customer/www/showscreen.app/public_html/app/Views/procesos_view.php')
 3 SYSTEMPATH/View/View.php(237): CodeIgniter\View\View->CodeIgniter\View\{closure}()
 4 SYSTEMPATH/Common.php(1171): CodeIgniter\View\View->render('procesos_view', [], true)
 5 APPPATH/Controllers/Productos.php(179): view('procesos_view', [...])
 6 SYSTEMPATH/CodeIgniter.php(933): App\Controllers\Productos->verProcesos('updateOrder')
 7 SYSTEMPATH/CodeIgniter.php(509): CodeIgniter\CodeIgniter->runController(Object(App\Controllers\Productos))
 8 SYSTEMPATH/CodeIgniter.php(355): CodeIgniter\CodeIgniter->handleRequest(null, Object(Config\Cache), false)
 9 SYSTEMPATH/Boot.php(325): CodeIgniter\CodeIgniter->run()
10 SYSTEMPATH/Boot.php(67): CodeIgniter\Boot::runCodeIgniter(Object(CodeIgniter\CodeIgniter))
11 FCPATH/index.php(29): CodeIgniter\Boot::bootWeb(Object(Config\Paths))
CRITICAL - 2024-09-11 11:24:23 --> ErrorException: Attempt to read property "nombre_producto" on null
[Method: POST, Route: productos/verProcesos/updateOrder]
in APPPATH/Views/procesos_view.php on line 176.
 1 APPPATH/Views/procesos_view.php(176): CodeIgniter\Debug\Exceptions->errorHandler(2, 'Attempt to read property "nombre_producto" on null', '/home/customer/www/showscreen.app/public_html/app/Views/procesos_view.php', 176)
 2 SYSTEMPATH/View/View.php(234): include('/home/customer/www/showscreen.app/public_html/app/Views/procesos_view.php')
 3 SYSTEMPATH/View/View.php(237): CodeIgniter\View\View->CodeIgniter\View\{closure}()
 4 SYSTEMPATH/Common.php(1171): CodeIgniter\View\View->render('procesos_view', [], true)
 5 APPPATH/Controllers/Productos.php(179): view('procesos_view', [...])
 6 SYSTEMPATH/CodeIgniter.php(933): App\Controllers\Productos->verProcesos('updateOrder')
 7 SYSTEMPATH/CodeIgniter.php(509): CodeIgniter\CodeIgniter->runController(Object(App\Controllers\Productos))
 8 SYSTEMPATH/CodeIgniter.php(355): CodeIgniter\CodeIgniter->handleRequest(null, Object(Config\Cache), false)
 9 SYSTEMPATH/Boot.php(325): CodeIgniter\CodeIgniter->run()
10 SYSTEMPATH/Boot.php(67): CodeIgniter\Boot::runCodeIgniter(Object(CodeIgniter\CodeIgniter))
11 FCPATH/index.php(29): CodeIgniter\Boot::bootWeb(Object(Config\Paths))
CRITICAL - 2024-09-11 11:24:39 --> ErrorException: Attempt to read property "nombre_producto" on null
[Method: POST, Route: productos/verProcesos/updateOrder]
in APPPATH/Views/procesos_view.php on line 176.
 1 APPPATH/Views/procesos_view.php(176): CodeIgniter\Debug\Exceptions->errorHandler(2, 'Attempt to read property "nombre_producto" on null', '/home/customer/www/showscreen.app/public_html/app/Views/procesos_view.php', 176)
 2 SYSTEMPATH/View/View.php(234): include('/home/customer/www/showscreen.app/public_html/app/Views/procesos_view.php')
 3 SYSTEMPATH/View/View.php(237): CodeIgniter\View\View->CodeIgniter\View\{closure}()
 4 SYSTEMPATH/Common.php(1171): CodeIgniter\View\View->render('procesos_view', [], true)
 5 APPPATH/Controllers/Productos.php(179): view('procesos_view', [...])
 6 SYSTEMPATH/CodeIgniter.php(933): App\Controllers\Productos->verProcesos('updateOrder')
 7 SYSTEMPATH/CodeIgniter.php(509): CodeIgniter\CodeIgniter->runController(Object(App\Controllers\Productos))
 8 SYSTEMPATH/CodeIgniter.php(355): CodeIgniter\CodeIgniter->handleRequest(null, Object(Config\Cache), false)
 9 SYSTEMPATH/Boot.php(325): CodeIgniter\CodeIgniter->run()
10 SYSTEMPATH/Boot.php(67): CodeIgniter\Boot::runCodeIgniter(Object(CodeIgniter\CodeIgniter))
11 FCPATH/index.php(29): CodeIgniter\Boot::bootWeb(Object(Config\Paths))
CRITICAL - 2024-09-11 11:24:53 --> ErrorException: Attempt to read property "nombre_producto" on null
[Method: POST, Route: productos/verProcesos/updateOrder]
in APPPATH/Views/procesos_view.php on line 176.
 1 APPPATH/Views/procesos_view.php(176): CodeIgniter\Debug\Exceptions->errorHandler(2, 'Attempt to read property "nombre_producto" on null', '/home/customer/www/showscreen.app/public_html/app/Views/procesos_view.php', 176)
 2 SYSTEMPATH/View/View.php(234): include('/home/customer/www/showscreen.app/public_html/app/Views/procesos_view.php')
 3 SYSTEMPATH/View/View.php(237): CodeIgniter\View\View->CodeIgniter\View\{closure}()
 4 SYSTEMPATH/Common.php(1171): CodeIgniter\View\View->render('procesos_view', [], true)
 5 APPPATH/Controllers/Productos.php(179): view('procesos_view', [...])
 6 SYSTEMPATH/CodeIgniter.php(933): App\Controllers\Productos->verProcesos('updateOrder')
 7 SYSTEMPATH/CodeIgniter.php(509): CodeIgniter\CodeIgniter->runController(Object(App\Controllers\Productos))
 8 SYSTEMPATH/CodeIgniter.php(355): CodeIgniter\CodeIgniter->handleRequest(null, Object(Config\Cache), false)
 9 SYSTEMPATH/Boot.php(325): CodeIgniter\CodeIgniter->run()
10 SYSTEMPATH/Boot.php(67): CodeIgniter\Boot::runCodeIgniter(Object(CodeIgniter\CodeIgniter))
11 FCPATH/index.php(29): CodeIgniter\Boot::bootWeb(Object(Config\Paths))
CRITICAL - 2024-09-11 11:56:27 --> ErrorException: Attempt to read property "nombre_producto" on null
[Method: POST, Route: productos/verProcesos/updateOrder]
in APPPATH/Views/procesos_view.php on line 176.
 1 APPPATH/Views/procesos_view.php(176): CodeIgniter\Debug\Exceptions->errorHandler(2, 'Attempt to read property "nombre_producto" on null', '/home/customer/www/showscreen.app/public_html/app/Views/procesos_view.php', 176)
 2 SYSTEMPATH/View/View.php(234): include('/home/customer/www/showscreen.app/public_html/app/Views/procesos_view.php')
 3 SYSTEMPATH/View/View.php(237): CodeIgniter\View\View->CodeIgniter\View\{closure}()
 4 SYSTEMPATH/Common.php(1171): CodeIgniter\View\View->render('procesos_view', [], true)
 5 APPPATH/Controllers/Productos.php(179): view('procesos_view', [...])
 6 SYSTEMPATH/CodeIgniter.php(933): App\Controllers\Productos->verProcesos('updateOrder')
 7 SYSTEMPATH/CodeIgniter.php(509): CodeIgniter\CodeIgniter->runController(Object(App\Controllers\Productos))
 8 SYSTEMPATH/CodeIgniter.php(355): CodeIgniter\CodeIgniter->handleRequest(null, Object(Config\Cache), false)
 9 SYSTEMPATH/Boot.php(325): CodeIgniter\CodeIgniter->run()
10 SYSTEMPATH/Boot.php(67): CodeIgniter\Boot::runCodeIgniter(Object(CodeIgniter\CodeIgniter))
11 FCPATH/index.php(29): CodeIgniter\Boot::bootWeb(Object(Config\Paths))
CRITICAL - 2024-09-11 11:56:30 --> ErrorException: Attempt to read property "nombre_producto" on null
[Method: POST, Route: productos/verProcesos/updateOrder]
in APPPATH/Views/procesos_view.php on line 176.
 1 APPPATH/Views/procesos_view.php(176): CodeIgniter\Debug\Exceptions->errorHandler(2, 'Attempt to read property "nombre_producto" on null', '/home/customer/www/showscreen.app/public_html/app/Views/procesos_view.php', 176)
 2 SYSTEMPATH/View/View.php(234): include('/home/customer/www/showscreen.app/public_html/app/Views/procesos_view.php')
 3 SYSTEMPATH/View/View.php(237): CodeIgniter\View\View->CodeIgniter\View\{closure}()
 4 SYSTEMPATH/Common.php(1171): CodeIgniter\View\View->render('procesos_view', [], true)
 5 APPPATH/Controllers/Productos.php(179): view('procesos_view', [...])
 6 SYSTEMPATH/CodeIgniter.php(933): App\Controllers\Productos->verProcesos('updateOrder')
 7 SYSTEMPATH/CodeIgniter.php(509): CodeIgniter\CodeIgniter->runController(Object(App\Controllers\Productos))
 8 SYSTEMPATH/CodeIgniter.php(355): CodeIgniter\CodeIgniter->handleRequest(null, Object(Config\Cache), false)
 9 SYSTEMPATH/Boot.php(325): CodeIgniter\CodeIgniter->run()
10 SYSTEMPATH/Boot.php(67): CodeIgniter\Boot::runCodeIgniter(Object(CodeIgniter\CodeIgniter))
11 FCPATH/index.php(29): CodeIgniter\Boot::bootWeb(Object(Config\Paths))
CRITICAL - 2024-09-11 11:57:04 --> ErrorException: Attempt to read property "nombre_producto" on null
[Method: POST, Route: productos/verProcesos/updateOrder]
in APPPATH/Views/procesos_view.php on line 176.
 1 APPPATH/Views/procesos_view.php(176): CodeIgniter\Debug\Exceptions->errorHandler(2, 'Attempt to read property "nombre_producto" on null', '/home/customer/www/showscreen.app/public_html/app/Views/procesos_view.php', 176)
 2 SYSTEMPATH/View/View.php(234): include('/home/customer/www/showscreen.app/public_html/app/Views/procesos_view.php')
 3 SYSTEMPATH/View/View.php(237): CodeIgniter\View\View->CodeIgniter\View\{closure}()
 4 SYSTEMPATH/Common.php(1171): CodeIgniter\View\View->render('procesos_view', [], true)
 5 APPPATH/Controllers/Productos.php(179): view('procesos_view', [...])
 6 SYSTEMPATH/CodeIgniter.php(933): App\Controllers\Productos->verProcesos('updateOrder')
 7 SYSTEMPATH/CodeIgniter.php(509): CodeIgniter\CodeIgniter->runController(Object(App\Controllers\Productos))
 8 SYSTEMPATH/CodeIgniter.php(355): CodeIgniter\CodeIgniter->handleRequest(null, Object(Config\Cache), false)
 9 SYSTEMPATH/Boot.php(325): CodeIgniter\CodeIgniter->run()
10 SYSTEMPATH/Boot.php(67): CodeIgniter\Boot::runCodeIgniter(Object(CodeIgniter\CodeIgniter))
11 FCPATH/index.php(29): CodeIgniter\Boot::bootWeb(Object(Config\Paths))
CRITICAL - 2024-09-11 11:57:26 --> ErrorException: Attempt to read property "nombre_producto" on null
[Method: POST, Route: productos/verProcesos/updateOrder]
in APPPATH/Views/procesos_view.php on line 176.
 1 APPPATH/Views/procesos_view.php(176): CodeIgniter\Debug\Exceptions->errorHandler(2, 'Attempt to read property "nombre_producto" on null', '/home/customer/www/showscreen.app/public_html/app/Views/procesos_view.php', 176)
 2 SYSTEMPATH/View/View.php(234): include('/home/customer/www/showscreen.app/public_html/app/Views/procesos_view.php')
 3 SYSTEMPATH/View/View.php(237): CodeIgniter\View\View->CodeIgniter\View\{closure}()
 4 SYSTEMPATH/Common.php(1171): CodeIgniter\View\View->render('procesos_view', [], true)
 5 APPPATH/Controllers/Productos.php(179): view('procesos_view', [...])
 6 SYSTEMPATH/CodeIgniter.php(933): App\Controllers\Productos->verProcesos('updateOrder')
 7 SYSTEMPATH/CodeIgniter.php(509): CodeIgniter\CodeIgniter->runController(Object(App\Controllers\Productos))
 8 SYSTEMPATH/CodeIgniter.php(355): CodeIgniter\CodeIgniter->handleRequest(null, Object(Config\Cache), false)
 9 SYSTEMPATH/Boot.php(325): CodeIgniter\CodeIgniter->run()
10 SYSTEMPATH/Boot.php(67): CodeIgniter\Boot::runCodeIgniter(Object(CodeIgniter\CodeIgniter))
11 FCPATH/index.php(29): CodeIgniter\Boot::bootWeb(Object(Config\Paths))
ERROR - 2024-09-11 17:42:10 --> mysqli_sql_exception: You have an error in your SQL syntax; check the manual that corresponds to your MySQL server version for the right syntax to use near ')
AND `user_activo` = '1'' at line 3 in /home/customer/www/showscreen.app/public_html/vendor/codeigniter4/codeigniter4/system/Database/MySQLi/Connection.php:312
Stack trace:
#0 /home/customer/www/showscreen.app/public_html/vendor/codeigniter4/codeigniter4/system/Database/MySQLi/Connection.php(312): mysqli->query('SELECT `id`, `n...', 0)
#1 /home/customer/www/showscreen.app/public_html/vendor/codeigniter4/codeigniter4/system/Database/BaseConnection.php(734): CodeIgniter\Database\MySQLi\Connection->execute('SELECT `id`, `n...')
#2 /home/customer/www/showscreen.app/public_html/vendor/codeigniter4/codeigniter4/system/Database/BaseConnection.php(648): CodeIgniter\Database\BaseConnection->simpleQuery('SELECT `id`, `n...')
#3 /home/customer/www/showscreen.app/public_html/vendor/codeigniter4/codeigniter4/system/Database/BaseBuilder.php(1636): CodeIgniter\Database\BaseConnection->query('SELECT `id`, `n...', Array, false)
#4 /home/customer/www/showscreen.app/public_html/app/Controllers/Ruta_pedido.php(158): CodeIgniter\Database\BaseBuilder->get()
#5 /home/customer/www/showscreen.app/public_html/app/Controllers/Ruta_pedido.php(51): App\Controllers\Ruta_pedido->transportistas()
#6 /home/customer/www/showscreen.app/public_html/vendor/codeigniter4/codeigniter4/system/CodeIgniter.php(933): App\Controllers\Ruta_pedido->Rutas('16937', '2425')
#7 /home/customer/www/showscreen.app/public_html/vendor/codeigniter4/codeigniter4/system/CodeIgniter.php(509): CodeIgniter\CodeIgniter->runController(Object(App\Controllers\Ruta_pedido))
#8 /home/customer/www/showscreen.app/public_html/vendor/codeigniter4/codeigniter4/system/CodeIgniter.php(355): CodeIgniter\CodeIgniter->handleRequest(NULL, Object(Config\Cache), false)
#9 /home/customer/www/showscreen.app/public_html/vendor/codeigniter4/codeigniter4/system/Boot.php(325): CodeIgniter\CodeIgniter->run()
#10 /home/customer/www/showscreen.app/public_html/vendor/codeigniter4/codeigniter4/system/Boot.php(67): CodeIgniter\Boot::runCodeIgniter(Object(CodeIgniter\CodeIgniter))
#11 /home/customer/www/showscreen.app/public_html/index.php(29): CodeIgniter\Boot::bootWeb(Object(Config\Paths))
#12 {main}
ERROR - 2024-09-11 17:42:10 --> Database error: {"code":1064,"message":"You have an error in your SQL syntax; check the manual that corresponds to your MySQL server version for the right syntax to use near ')\nAND `user_activo` = '1'' at line 3"}
ERROR - 2024-09-11 17:42:10 --> mysqli_sql_exception: You have an error in your SQL syntax; check the manual that corresponds to your MySQL server version for the right syntax to use near ')
AND `user_activo` = '1'' at line 3 in /home/customer/www/showscreen.app/public_html/vendor/codeigniter4/codeigniter4/system/Database/MySQLi/Connection.php:312
Stack trace:
#0 /home/customer/www/showscreen.app/public_html/vendor/codeigniter4/codeigniter4/system/Database/MySQLi/Connection.php(312): mysqli->query('SELECT `id`, `n...', 0)
#1 /home/customer/www/showscreen.app/public_html/vendor/codeigniter4/codeigniter4/system/Database/BaseConnection.php(734): CodeIgniter\Database\MySQLi\Connection->execute('SELECT `id`, `n...')
#2 /home/customer/www/showscreen.app/public_html/vendor/codeigniter4/codeigniter4/system/Database/BaseConnection.php(648): CodeIgniter\Database\BaseConnection->simpleQuery('SELECT `id`, `n...')
#3 /home/customer/www/showscreen.app/public_html/vendor/codeigniter4/codeigniter4/system/Database/BaseBuilder.php(1636): CodeIgniter\Database\BaseConnection->query('SELECT `id`, `n...', Array, false)
#4 /home/customer/www/showscreen.app/public_html/app/Controllers/Ruta_pedido.php(158): CodeIgniter\Database\BaseBuilder->get()
#5 /home/customer/www/showscreen.app/public_html/app/Controllers/Ruta_pedido.php(69): App\Controllers\Ruta_pedido->transportistas()
#6 /home/customer/www/showscreen.app/public_html/vendor/codeigniter4/codeigniter4/system/CodeIgniter.php(933): App\Controllers\Ruta_pedido->Rutas('16937', '2425')
#7 /home/customer/www/showscreen.app/public_html/vendor/codeigniter4/codeigniter4/system/CodeIgniter.php(509): CodeIgniter\CodeIgniter->runController(Object(App\Controllers\Ruta_pedido))
#8 /home/customer/www/showscreen.app/public_html/vendor/codeigniter4/codeigniter4/system/CodeIgniter.php(355): CodeIgniter\CodeIgniter->handleRequest(NULL, Object(Config\Cache), false)
#9 /home/customer/www/showscreen.app/public_html/vendor/codeigniter4/codeigniter4/system/Boot.php(325): CodeIgniter\CodeIgniter->run()
#10 /home/customer/www/showscreen.app/public_html/vendor/codeigniter4/codeigniter4/system/Boot.php(67): CodeIgniter\Boot::runCodeIgniter(Object(CodeIgniter\CodeIgniter))
#11 /home/customer/www/showscreen.app/public_html/index.php(29): CodeIgniter\Boot::bootWeb(Object(Config\Paths))
#12 {main}
ERROR - 2024-09-11 17:42:10 --> Database error: {"code":1064,"message":"You have an error in your SQL syntax; check the manual that corresponds to your MySQL server version for the right syntax to use near ')\nAND `user_activo` = '1'' at line 3"}
ERROR - 2024-09-11 17:42:10 --> mysqli_sql_exception: You have an error in your SQL syntax; check the manual that corresponds to your MySQL server version for the right syntax to use near ')
AND `user_activo` = '1'' at line 3 in /home/customer/www/showscreen.app/public_html/vendor/codeigniter4/codeigniter4/system/Database/MySQLi/Connection.php:312
Stack trace:
#0 /home/customer/www/showscreen.app/public_html/vendor/codeigniter4/codeigniter4/system/Database/MySQLi/Connection.php(312): mysqli->query('SELECT `id`, `n...', 0)
#1 /home/customer/www/showscreen.app/public_html/vendor/codeigniter4/codeigniter4/system/Database/BaseConnection.php(734): CodeIgniter\Database\MySQLi\Connection->execute('SELECT `id`, `n...')
#2 /home/customer/www/showscreen.app/public_html/vendor/codeigniter4/codeigniter4/system/Database/BaseConnection.php(648): CodeIgniter\Database\BaseConnection->simpleQuery('SELECT `id`, `n...')
#3 /home/customer/www/showscreen.app/public_html/vendor/codeigniter4/codeigniter4/system/Database/BaseBuilder.php(1636): CodeIgniter\Database\BaseConnection->query('SELECT `id`, `n...', Array, false)
#4 /home/customer/www/showscreen.app/public_html/app/Controllers/Ruta_pedido.php(158): CodeIgniter\Database\BaseBuilder->get()
#5 /home/customer/www/showscreen.app/public_html/app/Controllers/Ruta_pedido.php(51): App\Controllers\Ruta_pedido->transportistas()
#6 /home/customer/www/showscreen.app/public_html/vendor/codeigniter4/codeigniter4/system/CodeIgniter.php(933): App\Controllers\Ruta_pedido->Rutas('16937', '2425')
#7 /home/customer/www/showscreen.app/public_html/vendor/codeigniter4/codeigniter4/system/CodeIgniter.php(509): CodeIgniter\CodeIgniter->runController(Object(App\Controllers\Ruta_pedido))
#8 /home/customer/www/showscreen.app/public_html/vendor/codeigniter4/codeigniter4/system/CodeIgniter.php(355): CodeIgniter\CodeIgniter->handleRequest(NULL, Object(Config\Cache), false)
#9 /home/customer/www/showscreen.app/public_html/vendor/codeigniter4/codeigniter4/system/Boot.php(325): CodeIgniter\CodeIgniter->run()
#10 /home/customer/www/showscreen.app/public_html/vendor/codeigniter4/codeigniter4/system/Boot.php(67): CodeIgniter\Boot::runCodeIgniter(Object(CodeIgniter\CodeIgniter))
#11 /home/customer/www/showscreen.app/public_html/index.php(29): CodeIgniter\Boot::bootWeb(Object(Config\Paths))
#12 {main}
ERROR - 2024-09-11 17:42:10 --> Database error: {"code":1064,"message":"You have an error in your SQL syntax; check the manual that corresponds to your MySQL server version for the right syntax to use near ')\nAND `user_activo` = '1'' at line 3"}
ERROR - 2024-09-11 17:42:10 --> mysqli_sql_exception: You have an error in your SQL syntax; check the manual that corresponds to your MySQL server version for the right syntax to use near ')
AND `user_activo` = '1'' at line 3 in /home/customer/www/showscreen.app/public_html/vendor/codeigniter4/codeigniter4/system/Database/MySQLi/Connection.php:312
Stack trace:
#0 /home/customer/www/showscreen.app/public_html/vendor/codeigniter4/codeigniter4/system/Database/MySQLi/Connection.php(312): mysqli->query('SELECT `id`, `n...', 0)
#1 /home/customer/www/showscreen.app/public_html/vendor/codeigniter4/codeigniter4/system/Database/BaseConnection.php(734): CodeIgniter\Database\MySQLi\Connection->execute('SELECT `id`, `n...')
#2 /home/customer/www/showscreen.app/public_html/vendor/codeigniter4/codeigniter4/system/Database/BaseConnection.php(648): CodeIgniter\Database\BaseConnection->simpleQuery('SELECT `id`, `n...')
#3 /home/customer/www/showscreen.app/public_html/vendor/codeigniter4/codeigniter4/system/Database/BaseBuilder.php(1636): CodeIgniter\Database\BaseConnection->query('SELECT `id`, `n...', Array, false)
#4 /home/customer/www/showscreen.app/public_html/app/Controllers/Ruta_pedido.php(158): CodeIgniter\Database\BaseBuilder->get()
#5 /home/customer/www/showscreen.app/public_html/app/Controllers/Ruta_pedido.php(69): App\Controllers\Ruta_pedido->transportistas()
#6 /home/customer/www/showscreen.app/public_html/vendor/codeigniter4/codeigniter4/system/CodeIgniter.php(933): App\Controllers\Ruta_pedido->Rutas('16937', '2425')
#7 /home/customer/www/showscreen.app/public_html/vendor/codeigniter4/codeigniter4/system/CodeIgniter.php(509): CodeIgniter\CodeIgniter->runController(Object(App\Controllers\Ruta_pedido))
#8 /home/customer/www/showscreen.app/public_html/vendor/codeigniter4/codeigniter4/system/CodeIgniter.php(355): CodeIgniter\CodeIgniter->handleRequest(NULL, Object(Config\Cache), false)
#9 /home/customer/www/showscreen.app/public_html/vendor/codeigniter4/codeigniter4/system/Boot.php(325): CodeIgniter\CodeIgniter->run()
#10 /home/customer/www/showscreen.app/public_html/vendor/codeigniter4/codeigniter4/system/Boot.php(67): CodeIgniter\Boot::runCodeIgniter(Object(CodeIgniter\CodeIgniter))
#11 /home/customer/www/showscreen.app/public_html/index.php(29): CodeIgniter\Boot::bootWeb(Object(Config\Paths))
#12 {main}
ERROR - 2024-09-11 17:42:10 --> Database error: {"code":1064,"message":"You have an error in your SQL syntax; check the manual that corresponds to your MySQL server version for the right syntax to use near ')\nAND `user_activo` = '1'' at line 3"}
ERROR - 2024-09-11 17:42:10 --> mysqli_sql_exception: You have an error in your SQL syntax; check the manual that corresponds to your MySQL server version for the right syntax to use near ')
AND `user_activo` = '1'' at line 3 in /home/customer/www/showscreen.app/public_html/vendor/codeigniter4/codeigniter4/system/Database/MySQLi/Connection.php:312
Stack trace:
#0 /home/customer/www/showscreen.app/public_html/vendor/codeigniter4/codeigniter4/system/Database/MySQLi/Connection.php(312): mysqli->query('SELECT `id`, `n...', 0)
#1 /home/customer/www/showscreen.app/public_html/vendor/codeigniter4/codeigniter4/system/Database/BaseConnection.php(734): CodeIgniter\Database\MySQLi\Connection->execute('SELECT `id`, `n...')
#2 /home/customer/www/showscreen.app/public_html/vendor/codeigniter4/codeigniter4/system/Database/BaseConnection.php(648): CodeIgniter\Database\BaseConnection->simpleQuery('SELECT `id`, `n...')
#3 /home/customer/www/showscreen.app/public_html/vendor/codeigniter4/codeigniter4/system/Database/BaseBuilder.php(1636): CodeIgniter\Database\BaseConnection->query('SELECT `id`, `n...', Array, false)
#4 /home/customer/www/showscreen.app/public_html/app/Controllers/Ruta_pedido.php(158): CodeIgniter\Database\BaseBuilder->get()
#5 /home/customer/www/showscreen.app/public_html/app/Controllers/Ruta_pedido.php(51): App\Controllers\Ruta_pedido->transportistas()
#6 /home/customer/www/showscreen.app/public_html/vendor/codeigniter4/codeigniter4/system/CodeIgniter.php(933): App\Controllers\Ruta_pedido->Rutas('16937', '2425')
#7 /home/customer/www/showscreen.app/public_html/vendor/codeigniter4/codeigniter4/system/CodeIgniter.php(509): CodeIgniter\CodeIgniter->runController(Object(App\Controllers\Ruta_pedido))
#8 /home/customer/www/showscreen.app/public_html/vendor/codeigniter4/codeigniter4/system/CodeIgniter.php(355): CodeIgniter\CodeIgniter->handleRequest(NULL, Object(Config\Cache), false)
#9 /home/customer/www/showscreen.app/public_html/vendor/codeigniter4/codeigniter4/system/Boot.php(325): CodeIgniter\CodeIgniter->run()
#10 /home/customer/www/showscreen.app/public_html/vendor/codeigniter4/codeigniter4/system/Boot.php(67): CodeIgniter\Boot::runCodeIgniter(Object(CodeIgniter\CodeIgniter))
#11 /home/customer/www/showscreen.app/public_html/index.php(29): CodeIgniter\Boot::bootWeb(Object(Config\Paths))
#12 {main}
ERROR - 2024-09-11 17:42:10 --> Database error: {"code":1064,"message":"You have an error in your SQL syntax; check the manual that corresponds to your MySQL server version for the right syntax to use near ')\nAND `user_activo` = '1'' at line 3"}
ERROR - 2024-09-11 17:42:10 --> mysqli_sql_exception: You have an error in your SQL syntax; check the manual that corresponds to your MySQL server version for the right syntax to use near ')
AND `user_activo` = '1'' at line 3 in /home/customer/www/showscreen.app/public_html/vendor/codeigniter4/codeigniter4/system/Database/MySQLi/Connection.php:312
Stack trace:
#0 /home/customer/www/showscreen.app/public_html/vendor/codeigniter4/codeigniter4/system/Database/MySQLi/Connection.php(312): mysqli->query('SELECT `id`, `n...', 0)
#1 /home/customer/www/showscreen.app/public_html/vendor/codeigniter4/codeigniter4/system/Database/BaseConnection.php(734): CodeIgniter\Database\MySQLi\Connection->execute('SELECT `id`, `n...')
#2 /home/customer/www/showscreen.app/public_html/vendor/codeigniter4/codeigniter4/system/Database/BaseConnection.php(648): CodeIgniter\Database\BaseConnection->simpleQuery('SELECT `id`, `n...')
#3 /home/customer/www/showscreen.app/public_html/vendor/codeigniter4/codeigniter4/system/Database/BaseBuilder.php(1636): CodeIgniter\Database\BaseConnection->query('SELECT `id`, `n...', Array, false)
#4 /home/customer/www/showscreen.app/public_html/app/Controllers/Ruta_pedido.php(158): CodeIgniter\Database\BaseBuilder->get()
#5 /home/customer/www/showscreen.app/public_html/app/Controllers/Ruta_pedido.php(69): App\Controllers\Ruta_pedido->transportistas()
#6 /home/customer/www/showscreen.app/public_html/vendor/codeigniter4/codeigniter4/system/CodeIgniter.php(933): App\Controllers\Ruta_pedido->Rutas('16937', '2425')
#7 /home/customer/www/showscreen.app/public_html/vendor/codeigniter4/codeigniter4/system/CodeIgniter.php(509): CodeIgniter\CodeIgniter->runController(Object(App\Controllers\Ruta_pedido))
#8 /home/customer/www/showscreen.app/public_html/vendor/codeigniter4/codeigniter4/system/CodeIgniter.php(355): CodeIgniter\CodeIgniter->handleRequest(NULL, Object(Config\Cache), false)
#9 /home/customer/www/showscreen.app/public_html/vendor/codeigniter4/codeigniter4/system/Boot.php(325): CodeIgniter\CodeIgniter->run()
#10 /home/customer/www/showscreen.app/public_html/vendor/codeigniter4/codeigniter4/system/Boot.php(67): CodeIgniter\Boot::runCodeIgniter(Object(CodeIgniter\CodeIgniter))
#11 /home/customer/www/showscreen.app/public_html/index.php(29): CodeIgniter\Boot::bootWeb(Object(Config\Paths))
#12 {main}
ERROR - 2024-09-11 17:42:10 --> Database error: {"code":1064,"message":"You have an error in your SQL syntax; check the manual that corresponds to your MySQL server version for the right syntax to use near ')\nAND `user_activo` = '1'' at line 3"}
